This is pdfTeX, Version 3.14159265-2.6-1.40.20 (TeX Live 2019/Debian) (preloaded format=pdflatex 2022.7.16)  5 OCT 2022 03:03
entering extended mode
 restricted \write18 enabled.
 file:line:error style messages enabled.
 %&-line parsing enabled.
**/home/fm/drone_racing_ws/catkin_ddr/src/forgetful_drones/docs/TUB/diploma_template/bsc_msc_dipl_template_ENG_aubrey/thesis.tex
(/home/fm/drone_racing_ws/catkin_ddr/src/forgetful_drones/docs/TUB/diploma_template/bsc_msc_dipl_template_ENG_aubrey/thesis.tex
LaTeX2e <2020-02-02> patch level 2
L3 programming layer <2020-02-14> (/usr/share/texlive/texmf-dist/tex/latex/base/report.cls
Document Class: report 2019/12/20 v1.4l Standard LaTeX document class
(/usr/share/texlive/texmf-dist/tex/latex/base/size12.clo
File: size12.clo 2019/12/20 v1.4l Standard LaTeX file (size option)
)
\c@part=\count167
\c@chapter=\count168
\c@section=\count169
\c@subsection=\count170
\c@subsubsection=\count171
\c@paragraph=\count172
\c@subparagraph=\count173
\c@figure=\count174
\c@table=\count175
\abovecaptionskip=\skip47
\belowcaptionskip=\skip48
\bibindent=\dimen134
)
\@indexfile=\write3
\openout3 = `thesis.idx'.


Writing index file thesis.idx
(/usr/share/texlive/texmf-dist/tex/latex/base/inputenc.sty
Package: inputenc 2018/08/11 v1.3c Input encoding file
\inpenc@prehook=\toks14
\inpenc@posthook=\toks15
 (/usr/share/texlive/texmf-dist/tex/latex/base/latin1.def
File: latin1.def 2018/08/11 v1.3c Input encoding file
)) (/usr/share/texlive/texmf-dist/tex/latex/amsmath/amsmath.sty
Package: amsmath 2020/01/20 v2.17e AMS math features
\@mathmargin=\skip49

For additional information on amsmath, use the `?' option.
(/usr/share/texlive/texmf-dist/tex/latex/amsmath/amstext.sty
Package: amstext 2000/06/29 v2.01 AMS text
 (/usr/share/texlive/texmf-dist/tex/latex/amsmath/amsgen.sty
File: amsgen.sty 1999/11/30 v2.0 generic functions
\@emptytoks=\toks16
\ex@=\dimen135
)) (/usr/share/texlive/texmf-dist/tex/latex/amsmath/amsbsy.sty
Package: amsbsy 1999/11/29 v1.2d Bold Symbols
\pmbraise@=\dimen136
) (/usr/share/texlive/texmf-dist/tex/latex/amsmath/amsopn.sty
Package: amsopn 2016/03/08 v2.02 operator names
)
\inf@bad=\count176
LaTeX Info: Redefining \frac on input line 227.
\uproot@=\count177
\leftroot@=\count178
LaTeX Info: Redefining \overline on input line 389.
\classnum@=\count179
\DOTSCASE@=\count180
LaTeX Info: Redefining \ldots on input line 486.
LaTeX Info: Redefining \dots on input line 489.
LaTeX Info: Redefining \cdots on input line 610.
\Mathstrutbox@=\box45
\strutbox@=\box46
\big@size=\dimen137
LaTeX Font Info:    Redeclaring font encoding OML on input line 733.
LaTeX Font Info:    Redeclaring font encoding OMS on input line 734.
\macc@depth=\count181
\c@MaxMatrixCols=\count182
\dotsspace@=\muskip16
\c@parentequation=\count183
\dspbrk@lvl=\count184
\tag@help=\toks17
\row@=\count185
\column@=\count186
\maxfields@=\count187
\andhelp@=\toks18
\eqnshift@=\dimen138
\alignsep@=\dimen139
\tagshift@=\dimen140
\tagwidth@=\dimen141
\totwidth@=\dimen142
\lineht@=\dimen143
\@envbody=\toks19
\multlinegap=\skip50
\multlinetaggap=\skip51
\mathdisplay@stack=\toks20
LaTeX Info: Redefining \[ on input line 2859.
LaTeX Info: Redefining \] on input line 2860.
) (/usr/share/texlive/texmf-dist/tex/latex/marvosym/marvosym.sty
Package: marvosym 2011/07/20 v2.2 Martin Vogel's Symbols font definitions
) (/usr/share/texlive/texmf-dist/tex/latex/psnfss/times.sty
Package: times 2005/04/12 PSNFSS-v9.2a (SPQR) 
) (/usr/share/texlive/texmf-dist/tex/latex/url/url.sty
\Urlmuskip=\muskip17
Package: url 2013/09/16  ver 3.4  Verb mode for urls, etc.
) (/usr/share/texlive/texmf-dist/tex/latex/geometry/geometry.sty
Package: geometry 2020/01/02 v5.9 Page Geometry
 (/usr/share/texlive/texmf-dist/tex/latex/graphics/keyval.sty
Package: keyval 2014/10/28 v1.15 key=value parser (DPC)
\KV@toks@=\toks21
) (/usr/share/texlive/texmf-dist/tex/generic/iftex/ifvtex.sty
Package: ifvtex 2019/10/25 v1.7 ifvtex legacy package. Use iftex instead.
 (/usr/share/texlive/texmf-dist/tex/generic/iftex/iftex.sty
Package: iftex 2019/11/07 v1.0c TeX engine tests
))
\Gm@cnth=\count188
\Gm@cntv=\count189
\c@Gm@tempcnt=\count190
\Gm@bindingoffset=\dimen144
\Gm@wd@mp=\dimen145
\Gm@odd@mp=\dimen146
\Gm@even@mp=\dimen147
\Gm@layoutwidth=\dimen148
\Gm@layoutheight=\dimen149
\Gm@layouthoffset=\dimen150
\Gm@layoutvoffset=\dimen151
\Gm@dimlist=\toks22
) (/usr/share/texlive/texmf-dist/tex/latex/amsfonts/amssymb.sty
Package: amssymb 2013/01/14 v3.01 AMS font symbols
 (/usr/share/texlive/texmf-dist/tex/latex/amsfonts/amsfonts.sty
Package: amsfonts 2013/01/14 v3.01 Basic AMSFonts support
\symAMSa=\mathgroup4
\symAMSb=\mathgroup5
LaTeX Font Info:    Redeclaring math symbol \hbar on input line 98.
LaTeX Font Info:    Overwriting math alphabet `\mathfrak' in version `bold'
(Font)                  U/euf/m/n --> U/euf/b/n on input line 106.
)) (/usr/share/texlive/texmf-dist/tex/latex/booktabs/booktabs.sty
Package: booktabs 2020/01/12 v1.61803398 Publication quality tables
\heavyrulewidth=\dimen152
\lightrulewidth=\dimen153
\cmidrulewidth=\dimen154
\belowrulesep=\dimen155
\belowbottomsep=\dimen156
\aboverulesep=\dimen157
\abovetopsep=\dimen158
\cmidrulesep=\dimen159
\cmidrulekern=\dimen160
\defaultaddspace=\dimen161
\@cmidla=\count191
\@cmidlb=\count192
\@aboverulesep=\dimen162
\@belowrulesep=\dimen163
\@thisruleclass=\count193
\@lastruleclass=\count194
\@thisrulewidth=\dimen164
) (/usr/share/texmf/tex/latex/html/html.sty (/usr/share/texlive/texmf-dist/tex/latex/hyperref/hyperref.sty
Package: hyperref 2020/01/14 v7.00d Hypertext links for LaTeX
 (/usr/share/texlive/texmf-dist/tex/generic/ltxcmds/ltxcmds.sty
Package: ltxcmds 2019/12/15 v1.24 LaTeX kernel commands for general use (HO)
) (/usr/share/texlive/texmf-dist/tex/latex/pdftexcmds/pdftexcmds.sty
Package: pdftexcmds 2019/11/24 v0.31 Utility functions of pdfTeX for LuaTeX (HO)
 (/usr/share/texlive/texmf-dist/tex/generic/infwarerr/infwarerr.sty
Package: infwarerr 2019/12/03 v1.5 Providing info/warning/error messages (HO)
)
Package pdftexcmds Info: \pdf@primitive is available.
Package pdftexcmds Info: \pdf@ifprimitive is available.
Package pdftexcmds Info: \pdfdraftmode found.
) (/usr/share/texlive/texmf-dist/tex/generic/kvsetkeys/kvsetkeys.sty
Package: kvsetkeys 2019/12/15 v1.18 Key value parser (HO)
) (/usr/share/texlive/texmf-dist/tex/generic/kvdefinekeys/kvdefinekeys.sty
Package: kvdefinekeys 2019-12-19 v1.6 Define keys (HO)
) (/usr/share/texlive/texmf-dist/tex/generic/pdfescape/pdfescape.sty
Package: pdfescape 2019/12/09 v1.15 Implements pdfTeX's escape features (HO)
) (/usr/share/texlive/texmf-dist/tex/latex/hycolor/hycolor.sty
Package: hycolor 2020-01-27 v1.10 Color options for hyperref/bookmark (HO)
) (/usr/share/texlive/texmf-dist/tex/latex/letltxmacro/letltxmacro.sty
Package: letltxmacro 2019/12/03 v1.6 Let assignment for LaTeX macros (HO)
) (/usr/share/texlive/texmf-dist/tex/latex/auxhook/auxhook.sty
Package: auxhook 2019-12-17 v1.6 Hooks for auxiliary files (HO)
) (/usr/share/texlive/texmf-dist/tex/latex/kvoptions/kvoptions.sty
Package: kvoptions 2019/11/29 v3.13 Key value format for package options (HO)
)
\@linkdim=\dimen165
\Hy@linkcounter=\count195
\Hy@pagecounter=\count196
 (/usr/share/texlive/texmf-dist/tex/latex/hyperref/pd1enc.def
File: pd1enc.def 2020/01/14 v7.00d Hyperref: PDFDocEncoding definition (HO)
Now handling font encoding PD1 ...
... no UTF-8 mapping file for font encoding PD1
) (/usr/share/texlive/texmf-dist/tex/generic/intcalc/intcalc.sty
Package: intcalc 2019/12/15 v1.3 Expandable calculations with integers (HO)
) (/usr/share/texlive/texmf-dist/tex/generic/etexcmds/etexcmds.sty
Package: etexcmds 2019/12/15 v1.7 Avoid name clashes with e-TeX commands (HO)
)
\Hy@SavedSpaceFactor=\count197
\pdfmajorversion=\count198
Package hyperref Info: Hyper figures OFF on input line 4547.
Package hyperref Info: Link nesting OFF on input line 4552.
Package hyperref Info: Hyper index ON on input line 4555.
Package hyperref Info: Plain pages OFF on input line 4562.
Package hyperref Info: Backreferencing OFF on input line 4567.
Package hyperref Info: Implicit mode ON; LaTeX internals redefined.
Package hyperref Info: Bookmarks ON on input line 4800.
\c@Hy@tempcnt=\count199
LaTeX Info: Redefining \url on input line 5159.
\XeTeXLinkMargin=\dimen166
 (/usr/share/texlive/texmf-dist/tex/generic/bitset/bitset.sty
Package: bitset 2019/12/09 v1.3 Handle bit-vector datatype (HO)
 (/usr/share/texlive/texmf-dist/tex/generic/bigintcalc/bigintcalc.sty
Package: bigintcalc 2019/12/15 v1.5 Expandable calculations on big integers (HO)
))
\Fld@menulength=\count266
\Field@Width=\dimen167
\Fld@charsize=\dimen168
Package hyperref Info: Hyper figures OFF on input line 6430.
Package hyperref Info: Link nesting OFF on input line 6435.
Package hyperref Info: Hyper index ON on input line 6438.
Package hyperref Info: backreferencing OFF on input line 6445.
Package hyperref Info: Link coloring OFF on input line 6450.
Package hyperref Info: Link coloring with OCG OFF on input line 6455.
Package hyperref Info: PDF/A mode OFF on input line 6460.
LaTeX Info: Redefining \ref on input line 6500.
LaTeX Info: Redefining \pageref on input line 6504.
 (/usr/share/texlive/texmf-dist/tex/generic/atbegshi/atbegshi.sty
Package: atbegshi 2019/12/05 v1.19 At begin shipout hook (HO)
)
\Hy@abspage=\count267
\c@Item=\count268
\c@Hfootnote=\count269
)
Package hyperref Info: Driver: hpdftex.
 (/usr/share/texlive/texmf-dist/tex/latex/hyperref/hpdftex.def
File: hpdftex.def 2020/01/14 v7.00d Hyperref driver for pdfTeX
 (/usr/share/texlive/texmf-dist/tex/latex/atveryend/atveryend.sty
Package: atveryend 2019-12-11 v1.11 Hooks at the very end of document (HO)
Package atveryend Info: \enddocument detected (standard20110627).
)
\Fld@listcount=\count270
\c@bookmark@seq@number=\count271
 (/usr/share/texlive/texmf-dist/tex/latex/rerunfilecheck/rerunfilecheck.sty
Package: rerunfilecheck 2019/12/05 v1.9 Rerun checks for auxiliary files (HO)
 (/usr/share/texlive/texmf-dist/tex/generic/uniquecounter/uniquecounter.sty
Package: uniquecounter 2019/12/15 v1.4 Provide unlimited unique counter (HO)
)
Package uniquecounter Info: New unique counter `rerunfilecheck' on input line 286.
)
\Hy@SectionHShift=\skip52
)
Package: html 1999/07/19 v1.38 hypertext commands for latex2html (nd, hws, rrm)
\c@lpart=\count272
\c@lchapter=\count273
\c@lsection=\count274
\c@lsubsection=\count275
\c@lsubsubsection=\count276
\c@lparagraph=\count277
\c@lsubparagraph=\count278
\c@lsubsubparagraph=\count279
\ptrfile=\write4
) (/usr/share/texlive/texmf-dist/tex/latex/graphics/graphicx.sty
Package: graphicx 2019/11/30 v1.2a Enhanced LaTeX Graphics (DPC,SPQR)
 (/usr/share/texlive/texmf-dist/tex/latex/graphics/graphics.sty
Package: graphics 2019/11/30 v1.4a Standard LaTeX Graphics (DPC,SPQR)
 (/usr/share/texlive/texmf-dist/tex/latex/graphics/trig.sty
Package: trig 2016/01/03 v1.10 sin cos tan (DPC)
) (/usr/share/texlive/texmf-dist/tex/latex/graphics-cfg/graphics.cfg
File: graphics.cfg 2016/06/04 v1.11 sample graphics configuration
)
Package graphics Info: Driver file: pdftex.def on input line 105.
 (/usr/share/texlive/texmf-dist/tex/latex/graphics-def/pdftex.def
File: pdftex.def 2018/01/08 v1.0l Graphics/color driver for pdftex
))
\Gin@req@height=\dimen169
\Gin@req@width=\dimen170
) (/usr/share/texlive/texmf-dist/tex/latex/subfig/subfig.sty
Package: subfig 2005/06/28 ver: 1.3 subfig package
 (/usr/share/texlive/texmf-dist/tex/latex/caption/caption.sty
Package: caption 2020/01/03 v3.4h Customizing captions (AR)
 (/usr/share/texlive/texmf-dist/tex/latex/caption/caption3.sty
Package: caption3 2020/01/03 v1.8h caption3 kernel (AR)
Package caption3 Info: TeX engine: e-TeX on input line 61.
\captionmargin=\dimen171
\captionmargin@=\dimen172
\captionwidth=\dimen173
\caption@tempdima=\dimen174
\caption@indent=\dimen175
\caption@parindent=\dimen176
\caption@hangindent=\dimen177
Package caption Info: Standard document class detected.
)
\c@caption@flags=\count280
\c@continuedfloat=\count281
Package caption Info: hyperref package is loaded.
)
\c@KVtest=\count282
\sf@farskip=\skip53
\sf@captopadj=\dimen178
\sf@capskip=\skip54
\sf@nearskip=\skip55
\c@subfigure=\count283
\c@subfigure@save=\count284
\c@lofdepth=\count285
\c@subtable=\count286
\c@subtable@save=\count287
\c@lotdepth=\count288
\sf@top=\skip56
\sf@bottom=\skip57
) (/usr/share/texlive/texmf-dist/tex/latex/listings/listings.sty
\lst@mode=\count289
\lst@gtempboxa=\box47
\lst@token=\toks23
\lst@length=\count290
\lst@currlwidth=\dimen179
\lst@column=\count291
\lst@pos=\count292
\lst@lostspace=\dimen180
\lst@width=\dimen181
\lst@newlines=\count293
\lst@lineno=\count294
\lst@maxwidth=\dimen182
 (/usr/share/texlive/texmf-dist/tex/latex/listings/lstmisc.sty
File: lstmisc.sty 2019/09/10 1.8c (Carsten Heinz)
\c@lstnumber=\count295
\lst@skipnumbers=\count296
\lst@framebox=\box48
) (/usr/share/texlive/texmf-dist/tex/latex/listings/listings.cfg
File: listings.cfg 2019/09/10 1.8c listings configuration
))
Package: listings 2019/09/10 1.8c (Carsten Heinz)
 (/usr/share/texlive/texmf-dist/tex/latex/multirow/multirow.sty
Package: multirow 2019/05/31 v2.5 Span multiple rows of a table
\multirow@colwidth=\skip58
\multirow@cntb=\count297
\multirow@dima=\skip59
\bigstrutjot=\dimen183
) (/usr/share/texlive/texmf-dist/tex/latex/graphics/color.sty
Package: color 2019/11/23 v1.2a Standard LaTeX Color (DPC)
 (/usr/share/texlive/texmf-dist/tex/latex/graphics-cfg/color.cfg
File: color.cfg 2016/01/02 v1.6 sample color configuration
)
Package color Info: Driver file: pdftex.def on input line 147.
) (/usr/share/texlive/texmf-dist/tex/latex/wasysym/wasysym.sty
Package: wasysym 2020/01/19 v2.4 Wasy-2 symbol support package
\symwasy=\mathgroup6
LaTeX Font Info:    Overwriting symbol font `wasy' in version `bold'
(Font)                  U/wasy/m/n --> U/wasy/b/n on input line 93.
) (/usr/share/texlive/texmf-dist/tex/latex/psnfss/pifont.sty
Package: pifont 2005/04/12 PSNFSS-v9.2a Pi font support (SPQR) 
LaTeX Font Info:    Trying to load font information for U+pzd on input line 63.
 (/usr/share/texlive/texmf-dist/tex/latex/psnfss/upzd.fd
File: upzd.fd 2001/06/04 font definitions for U/pzd.
)
LaTeX Font Info:    Trying to load font information for U+psy on input line 64.
 (/usr/share/texlive/texmf-dist/tex/latex/psnfss/upsy.fd
File: upsy.fd 2001/06/04 font definitions for U/psy.
)) (/usr/share/texlive/texmf-dist/tex/latex/l3packages/xfrac/xfrac.sty (/usr/share/texlive/texmf-dist/tex/latex/l3kernel/expl3.sty
Package: expl3 2020-02-14 L3 programming layer (loader) 
 (/usr/share/texlive/texmf-dist/tex/latex/l3backend/l3backend-pdfmode.def
File: l3backend-pdfmode.def 2020-02-03 L3 backend support: PDF mode
\l__kernel_color_stack_int=\count298
\l__pdf_internal_box=\box49
)) (/usr/share/texlive/texmf-dist/tex/latex/l3packages/l3keys2e/l3keys2e.sty
Package: l3keys2e 2020-02-14 LaTeX2e option processing using LaTeX3 keys
) (/usr/share/texlive/texmf-dist/tex/latex/base/textcomp.sty
Package: textcomp 2020/02/02 v2.0n Standard LaTeX package
) (/usr/share/texlive/texmf-dist/tex/latex/l3packages/xparse/xparse.sty
Package: xparse 2020-02-14 L3 Experimental document command parser
\l__xparse_current_arg_int=\count299
\g__xparse_grabber_int=\count300
\l__xparse_m_args_int=\count301
\l__xparse_v_nesting_int=\count302
) (/usr/share/texlive/texmf-dist/tex/latex/l3packages/xtemplate/xtemplate.sty
Package: xtemplate 2020-02-14 L3 Experimental prototype document functions
\l__xtemplate_tmp_dim=\dimen184
\l__xtemplate_tmp_int=\count303
\l__xtemplate_tmp_muskip=\muskip18
\l__xtemplate_tmp_skip=\skip60
)
Package: xfrac 2020-02-14 L3 Experimental split-level fractions
\l__xfrac_slash_box=\box50
\l__xfrac_tmp_box=\box51
\l__xfrac_denominator_bot_sep_dim=\dimen185
\l__xfrac_numerator_bot_sep_dim=\dimen186
\l__xfrac_numerator_top_sep_dim=\dimen187
\l__xfrac_slash_left_sep_dim=\dimen188
\l__xfrac_slash_right_sep_dim=\dimen189
\l__xfrac_slash_left_muskip=\muskip19
\l__xfrac_slash_right_muskip=\muskip20

Package xtemplate Info: Declaring object type 'xfrac' taking 3 argument(s) on
(xtemplate)             line 80.

) (/usr/share/texlive/texmf-dist/tex/latex/algorithmicx/algpseudocode.sty
Package: algpseudocode 
 (/usr/share/texlive/texmf-dist/tex/latex/base/ifthen.sty
Package: ifthen 2014/09/29 v1.1c Standard LaTeX ifthen package (DPC)
) (/usr/share/texlive/texmf-dist/tex/latex/algorithmicx/algorithmicx.sty
Package: algorithmicx 2005/04/27 v1.2 Algorithmicx

Document Style algorithmicx 1.2 - a greatly improved `algorithmic' style
\c@ALG@line=\count304
\c@ALG@rem=\count305
\c@ALG@nested=\count306
\ALG@tlm=\skip61
\ALG@thistlm=\skip62
\c@ALG@Lnr=\count307
\c@ALG@blocknr=\count308
\c@ALG@storecount=\count309
\c@ALG@tmpcounter=\count310
\ALG@tmplength=\skip63
)
Document Style - pseudocode environments for use with the `algorithmicx' style
) (/usr/share/texlive/texmf-dist/tex/generic/ulem/ulem.sty
\UL@box=\box52
\UL@hyphenbox=\box53
\UL@skip=\skip64
\UL@hook=\toks24
\UL@height=\dimen190
\UL@pe=\count311
\UL@pixel=\dimen191
\ULC@box=\box54
Package: ulem 2019/11/18
\ULdepth=\dimen192
) (/usr/share/texlive/texmf-dist/tex/latex/xcolor/xcolor.sty
Package: xcolor 2016/05/11 v2.12 LaTeX color extensions (UK)
 (/usr/share/texlive/texmf-dist/tex/latex/graphics-cfg/color.cfg
File: color.cfg 2016/01/02 v1.6 sample color configuration
)
Package xcolor Info: Driver file: pdftex.def on input line 225.
 (/usr/share/texlive/texmf-dist/tex/latex/colortbl/colortbl.sty
Package: colortbl 2020/01/04 v1.0e Color table columns (DPC)
 (/usr/share/texlive/texmf-dist/tex/latex/tools/array.sty
Package: array 2019/08/31 v2.4l Tabular extension package (FMi)
\col@sep=\dimen193
\ar@mcellbox=\box55
\extrarowheight=\dimen194
\NC@list=\toks25
\extratabsurround=\skip65
\backup@length=\skip66
\ar@cellbox=\box56
)
\everycr=\toks26
\minrowclearance=\skip67
)
LaTeX Info: Redefining \color on input line 709.
\rownum=\count312
Package xcolor Info: Model `cmy' substituted by `cmy0' on input line 1348.
Package xcolor Info: Model `hsb' substituted by `rgb' on input line 1352.
Package xcolor Info: Model `RGB' extended on input line 1364.
Package xcolor Info: Model `HTML' substituted by `rgb' on input line 1366.
Package xcolor Info: Model `Hsb' substituted by `hsb' on input line 1367.
Package xcolor Info: Model `tHsb' substituted by `hsb' on input line 1368.
Package xcolor Info: Model `HSB' substituted by `hsb' on input line 1369.
Package xcolor Info: Model `Gray' substituted by `gray' on input line 1370.
Package xcolor Info: Model `wave' substituted by `hsb' on input line 1371.
) (/usr/share/texlive/texmf-dist/tex/latex/float/float.sty
Package: float 2001/11/08 v1.3d Float enhancements (AL)
\c@float@type=\count313
\float@exts=\toks27
\float@box=\box57
\@float@everytoks=\toks28
\@floatcapt=\box58
) (/home/fm/drone_racing_ws/catkin_ddr/src/forgetful_drones/docs/TUB/diploma_template/bsc_msc_dipl_template_ENG_aubrey/thesis.aux)
\openout1 = `thesis.aux'.

LaTeX Font Info:    Checking defaults for OML/cmm/m/it on input line 67.
LaTeX Font Info:    ... okay on input line 67.
LaTeX Font Info:    Checking defaults for OMS/cmsy/m/n on input line 67.
LaTeX Font Info:    ... okay on input line 67.
LaTeX Font Info:    Checking defaults for OT1/cmr/m/n on input line 67.
LaTeX Font Info:    ... okay on input line 67.
LaTeX Font Info:    Checking defaults for T1/cmr/m/n on input line 67.
LaTeX Font Info:    ... okay on input line 67.
LaTeX Font Info:    Checking defaults for TS1/cmr/m/n on input line 67.
LaTeX Font Info:    ... okay on input line 67.
LaTeX Font Info:    Checking defaults for OMX/cmex/m/n on input line 67.
LaTeX Font Info:    ... okay on input line 67.
LaTeX Font Info:    Checking defaults for U/cmr/m/n on input line 67.
LaTeX Font Info:    ... okay on input line 67.
LaTeX Font Info:    Checking defaults for PD1/pdf/m/n on input line 67.
LaTeX Font Info:    ... okay on input line 67.
LaTeX Font Info:    Trying to load font information for OT1+ptm on input line 67.
 (/usr/share/texlive/texmf-dist/tex/latex/psnfss/ot1ptm.fd
File: ot1ptm.fd 2001/06/04 font definitions for OT1/ptm.
)
*geometry* driver: auto-detecting
*geometry* detected driver: pdftex
*geometry* verbose mode - [ preamble ] result:
* driver: pdftex
* paper: a4paper
* layout: <same size as paper>
* layoutoffset:(h,v)=(0.0pt,0.0pt)
* modes: 
* h-part:(L,W,R)=(89.62709pt, 418.25368pt, 89.6271pt)
* v-part:(T,H,B)=(101.40665pt, 591.5302pt, 152.11pt)
* \paperwidth=597.50787pt
* \paperheight=845.04684pt
* \textwidth=418.25368pt
* \textheight=591.5302pt
* \oddsidemargin=17.3571pt
* \evensidemargin=17.3571pt
* \topmargin=-7.86334pt
* \headheight=12.0pt
* \headsep=25.0pt
* \topskip=12.0pt
* \footskip=30.0pt
* \marginparwidth=35.0pt
* \marginparsep=10.0pt
* \columnsep=10.0pt
* \skip\footins=10.8pt plus 4.0pt minus 2.0pt
* \hoffset=0.0pt
* \voffset=0.0pt
* \mag=1000
* \@twocolumnfalse
* \@twosidefalse
* \@mparswitchfalse
* \@reversemarginfalse
* (1in=72.27pt=25.4mm, 1cm=28.453pt)

\AtBeginShipoutBox=\box59
Package hyperref Info: Link coloring OFF on input line 67.
(/usr/share/texlive/texmf-dist/tex/latex/hyperref/nameref.sty
Package: nameref 2019/09/16 v2.46 Cross-referencing by name of section
 (/usr/share/texlive/texmf-dist/tex/latex/refcount/refcount.sty
Package: refcount 2019/12/15 v3.6 Data extraction from label references (HO)
) (/usr/share/texlive/texmf-dist/tex/generic/gettitlestring/gettitlestring.sty
Package: gettitlestring 2019/12/15 v1.6 Cleanup title references (HO)
)
\c@section@level=\count314
)
LaTeX Info: Redefining \ref on input line 67.
LaTeX Info: Redefining \pageref on input line 67.
LaTeX Info: Redefining \nameref on input line 67.
 (/home/fm/drone_racing_ws/catkin_ddr/src/forgetful_drones/docs/TUB/diploma_template/bsc_msc_dipl_template_ENG_aubrey/thesis.out) (/home/fm/drone_racing_ws/catkin_ddr/src/forgetful_drones/docs/TUB/diploma_template/bsc_msc_dipl_template_ENG_aubrey/thesis.out)
\@outlinefile=\write5
\openout5 = `thesis.out'.

 (/usr/share/texlive/texmf-dist/tex/context/base/mkii/supp-pdf.mkii
[Loading MPS to PDF converter (version 2006.09.02).]
\scratchcounter=\count315
\scratchdimen=\dimen195
\scratchbox=\box60
\nofMPsegments=\count316
\nofMParguments=\count317
\everyMPshowfont=\toks29
\MPscratchCnt=\count318
\MPscratchDim=\dimen196
\MPnumerator=\count319
\makeMPintoPDFobject=\count320
\everyMPtoPDFconversion=\toks30
) (/usr/share/texlive/texmf-dist/tex/latex/epstopdf-pkg/epstopdf-base.sty
Package: epstopdf-base 2020-01-24 v2.11 Base part for package epstopdf
Package epstopdf-base Info: Redefining graphics rule for `.eps' on input line 485.
 (/usr/share/texlive/texmf-dist/tex/latex/latexconfig/epstopdf-sys.cfg
File: epstopdf-sys.cfg 2010/07/13 v1.3 Configuration of (r)epstopdf for TeX Live
))
Package caption Info: Begin \AtBeginDocument code.
Package caption Info: subfig package v1.3 is loaded.
Package caption Info: float package is loaded.
Package caption Info: listings package is loaded.
Package caption Info: End \AtBeginDocument code.
\c@lstlisting=\count321
 (/home/fm/drone_racing_ws/catkin_ddr/src/forgetful_drones/docs/TUB/diploma_template/bsc_msc_dipl_template_ENG_aubrey/input/00a_title_page.tex
LaTeX Font Info:    Trying to load font information for U+msa on input line 26.
 (/usr/share/texlive/texmf-dist/tex/latex/amsfonts/umsa.fd
File: umsa.fd 2013/01/14 v3.01 AMS symbols A
)
LaTeX Font Info:    Trying to load font information for U+msb on input line 26.
 (/usr/share/texlive/texmf-dist/tex/latex/amsfonts/umsb.fd
File: umsb.fd 2013/01/14 v3.01 AMS symbols B
)
LaTeX Font Info:    Trying to load font information for U+wasy on input line 26.
 (/usr/share/texlive/texmf-dist/tex/latex/wasysym/uwasy.fd
File: uwasy.fd 2020/01/19 v2.4 Wasy-2 symbol font definitions
)
<gfx/template/TUBerlin_Logo_rot_hell.pdf, id=139, 4741.715pt x 3529.185pt>
File: gfx/template/TUBerlin_Logo_rot_hell.pdf Graphic file (type pdf)
<use gfx/template/TUBerlin_Logo_rot_hell.pdf>
Package pdftex.def Info: gfx/template/TUBerlin_Logo_rot_hell.pdf  used on input line 27.
(pdftex.def)             Requested size: 62.73549pt x 46.68877pt.
<gfx/template/aot_logo.pdf, id=140, 838.2025pt x 535.86098pt>
File: gfx/template/aot_logo.pdf Graphic file (type pdf)
<use gfx/template/aot_logo.pdf>
Package pdftex.def Info: gfx/template/aot_logo.pdf  used on input line 27.
(pdftex.def)             Requested size: 62.73549pt x 40.10606pt.

Underfull \hbox (badness 10000) in paragraph at lines 26--37
[][]
 []


Overfull \hbox (17.62482pt too wide) in paragraph at lines 74--75
[][] 
 []

[1

{/var/lib/texmf/fonts/map/pdftex/updmap/pdftex.map} </home/fm/drone_racing_ws/catkin_ddr/src/forgetful_drones/docs/TUB/diploma_template/bsc_msc_dipl_template_ENG_aubrey/gfx/template/TUBerlin_Logo_rot_hell.pdf> </home/fm/drone_racing_ws/catkin_ddr/src/forgetful_drones/docs/TUB/diploma_template/bsc_msc_dipl_template_ENG_aubrey/gfx/template/aot_logo.pdf>]) (/home/fm/drone_racing_ws/catkin_ddr/src/forgetful_drones/docs/TUB/diploma_template/bsc_msc_dipl_template_ENG_aubrey/input/00b_abstract_ack.tex [2


] [3

]) [4

] (/home/fm/drone_racing_ws/catkin_ddr/src/forgetful_drones/docs/TUB/diploma_template/bsc_msc_dipl_template_ENG_aubrey/thesis.toc [5

])
\tf@toc=\write6
\openout6 = `thesis.toc'.

 [6] (/home/fm/drone_racing_ws/catkin_ddr/src/forgetful_drones/docs/TUB/diploma_template/bsc_msc_dipl_template_ENG_aubrey/thesis.lof)
\tf@lof=\write7
\openout7 = `thesis.lof'.

 [7


] (/home/fm/drone_racing_ws/catkin_ddr/src/forgetful_drones/docs/TUB/diploma_template/bsc_msc_dipl_template_ENG_aubrey/thesis.lot)
\tf@lot=\write8
\openout8 = `thesis.lot'.

 [8


] (/home/fm/drone_racing_ws/catkin_ddr/src/forgetful_drones/docs/TUB/diploma_template/bsc_msc_dipl_template_ENG_aubrey/input/01_introduction.tex
Chapter 1.

Underfull \hbox (badness 3240) in paragraph at lines 128--157
[]\OT1/ptm/m/n/12 Classical au-tonomous nav-i-ga-tion meth-ods fol-low the scheme of mapping-
 []

[1

] [2]) (/home/fm/drone_racing_ws/catkin_ddr/src/forgetful_drones/docs/TUB/diploma_template/bsc_msc_dipl_template_ENG_aubrey/input/02_background.tex [3]
Chapter 2.
[4

] [5] [6] [7]

pdfTeX warning: pdflatex (file /home/fm/drone_racing_ws/catkin_ddr/src/forgetful_drones/docs/TUB/diploma_template/bsc_msc_dipl_template_ENG_aubrey/gfx/own/rnn_folded.drawio.pdf): PDF inclusion: found PDF version <1.7>, but at most version <1.5> allowed
<gfx/own/rnn_folded.drawio.pdf, id=441, 152.57pt x 216.81pt>
File: gfx/own/rnn_folded.drawio.pdf Graphic file (type pdf)
<use gfx/own/rnn_folded.drawio.pdf>
Package pdftex.def Info: gfx/own/rnn_folded.drawio.pdf  used on input line 487.
(pdftex.def)             Requested size: 103.01988pt x 146.39133pt.


pdfTeX warning: pdflatex (file /home/fm/drone_racing_ws/catkin_ddr/src/forgetful_drones/docs/TUB/diploma_template/bsc_msc_dipl_template_ENG_aubrey/gfx/own/rnn_unfolded.drawio.pdf): PDF inclusion: found PDF version <1.7>, but at most version <1.5> allowed
<gfx/own/rnn_unfolded.drawio.pdf, id=442, 260.975pt x 232.87pt>
File: gfx/own/rnn_unfolded.drawio.pdf Graphic file (type pdf)
<use gfx/own/rnn_unfolded.drawio.pdf>
Package pdftex.def Info: gfx/own/rnn_unfolded.drawio.pdf  used on input line 494.
(pdftex.def)             Requested size: 164.06468pt x 146.39133pt.

LaTeX Warning: `h' float specifier changed to `ht'.

[8] [9 </home/fm/drone_racing_ws/catkin_ddr/src/forgetful_drones/docs/TUB/diploma_template/bsc_msc_dipl_template_ENG_aubrey/gfx/own/rnn_folded.drawio.pdf> </home/fm/drone_racing_ws/catkin_ddr/src/forgetful_drones/docs/TUB/diploma_template/bsc_msc_dipl_template_ENG_aubrey/gfx/own/rnn_unfolded.drawio.pdf>]
LaTeX Font Info:    Trying to load font information for OT1+pcr on input line 575.
 (/usr/share/texlive/texmf-dist/tex/latex/psnfss/ot1pcr.fd
File: ot1pcr.fd 2001/06/04 font definitions for OT1/pcr.
)
Underfull \hbox (badness 3735) in paragraph at lines 575--575
[][][][]$\OT1/pcr/m/n/10 https : / / pytorch . org / docs / stable / generated / torch . nn . GRU . html$[]\OT1/ptm/m/n/10 , ac-cessed
 []

[10] [11]
<gfx/own/sigmoid_tanh.pdf, id=536, 406.73225pt x 139.445pt>
File: gfx/own/sigmoid_tanh.pdf Graphic file (type pdf)
<use gfx/own/sigmoid_tanh.pdf>
Package pdftex.def Info: gfx/own/sigmoid_tanh.pdf  used on input line 893.
(pdftex.def)             Requested size: 376.42575pt x 129.05693pt.
 [12]

pdfTeX warning: pdflatex (file /home/fm/drone_racing_ws/catkin_ddr/src/forgetful_drones/docs/TUB/diploma_template/bsc_msc_dipl_template_ENG_aubrey/gfx/own/gru_unfolded_intra_inter_paths.drawio.pdf): PDF inclusion: found PDF version <1.7>, but at most version <1.5> allowed
<gfx/own/gru_unfolded_intra_inter_paths.drawio.pdf, id=563, 959.50468pt x 613.33138pt>
File: gfx/own/gru_unfolded_intra_inter_paths.drawio.pdf Graphic file (type pdf)
<use gfx/own/gru_unfolded_intra_inter_paths.drawio.pdf>
Package pdftex.def Info: gfx/own/gru_unfolded_intra_inter_paths.drawio.pdf  used on input line 1044.
(pdftex.def)             Requested size: 376.42575pt x 240.61142pt.
[13 </home/fm/drone_racing_ws/catkin_ddr/src/forgetful_drones/docs/TUB/diploma_template/bsc_msc_dipl_template_ENG_aubrey/gfx/own/sigmoid_tanh.pdf>] [14 </home/fm/drone_racing_ws/catkin_ddr/src/forgetful_drones/docs/TUB/diploma_template/bsc_msc_dipl_template_ENG_aubrey/gfx/own/gru_unfolded_intra_inter_paths.drawio.pdf>] [15] [16] [17] [18]) (/home/fm/drone_racing_ws/catkin_ddr/src/forgetful_drones/docs/TUB/diploma_template/bsc_msc_dipl_template_ENG_aubrey/input/03_main_part_1.tex [19]
Chapter 3.
[20

]
<gfx/own/local_reference_system.pdf, id=871, 372.9132pt x 281.56392pt>
File: gfx/own/local_reference_system.pdf Graphic file (type pdf)
<use gfx/own/local_reference_system.pdf>
Package pdftex.def Info: gfx/own/local_reference_system.pdf  used on input line 151.
(pdftex.def)             Requested size: 184.44746pt x 139.265pt.
<gfx/own/image_reference_system.pdf, id=872, 371.76302pt x 246.16672pt>
File: gfx/own/image_reference_system.pdf Graphic file (type pdf)
<use gfx/own/image_reference_system.pdf>
Package pdftex.def Info: gfx/own/image_reference_system.pdf  used on input line 157.
(pdftex.def)             Requested size: 209.12683pt x 138.47969pt.


LaTeX Warning: `h' float specifier changed to `ht'.

[21] [22 </home/fm/drone_racing_ws/catkin_ddr/src/forgetful_drones/docs/TUB/diploma_template/bsc_msc_dipl_template_ENG_aubrey/gfx/own/local_reference_system.pdf> </home/fm/drone_racing_ws/catkin_ddr/src/forgetful_drones/docs/TUB/diploma_template/bsc_msc_dipl_template_ENG_aubrey/gfx/own/image_reference_system.pdf

pdfTeX warning: pdflatex (file /home/fm/drone_racing_ws/catkin_ddr/src/forgetful_drones/docs/TUB/diploma_template/bsc_msc_dipl_template_ENG_aubrey/gfx/own/image_reference_system.pdf): PDF inclusion: multiple pdfs with page group included in a single page
>] [23]

pdfTeX warning: pdflatex (file /home/fm/drone_racing_ws/catkin_ddr/src/forgetful_drones/docs/TUB/diploma_template/bsc_msc_dipl_template_ENG_aubrey/gfx/own/ann_module.drawio.pdf): PDF inclusion: found PDF version <1.7>, but at most version <1.5> allowed
<gfx/own/ann_module.drawio.pdf, id=943, 624.41275pt x 356.29109pt>
File: gfx/own/ann_module.drawio.pdf Graphic file (type pdf)
<use gfx/own/ann_module.drawio.pdf>
Package pdftex.def Info: gfx/own/ann_module.drawio.pdf  used on input line 621.
(pdftex.def)             Requested size: 418.25368pt x 238.65398pt.
[24] [25 </home/fm/drone_racing_ws/catkin_ddr/src/forgetful_drones/docs/TUB/diploma_template/bsc_msc_dipl_template_ENG_aubrey/gfx/own/ann_module.drawio.pdf>]
LaTeX Font Info:    Trying to load font information for TS1+ptm on input line 727.
 (/usr/share/texlive/texmf-dist/tex/latex/psnfss/ts1ptm.fd
File: ts1ptm.fd 2001/06/04 font definitions for TS1/ptm.
) [26] [27]
Underfull \hbox (badness 3735) in paragraph at lines 895--895
[][][][]$\OT1/pcr/m/n/10 https : / / pytorch . org / docs / stable / generated / torch . nn . GRU . html$[]\OT1/ptm/m/n/10 , ac-cessed
 []

[28] [29] [30] [31] [32]
Underfull \hbox (badness 1189) in paragraph at lines 1539--1539
[][][][]$\OT1/pcr/m/n/10 https : / / github . com / uzh-[]rpg / rpg _ quadrotor _ control$[]\OT1/ptm/m/n/10 , ac-cessed on Oc-to-ber 5,
 []

[33]

pdfTeX warning: pdflatex (file /home/fm/drone_racing_ws/catkin_ddr/src/forgetful_drones/docs/TUB/diploma_template/bsc_msc_dipl_template_ENG_aubrey/gfx/own/control_module.drawio.pdf): PDF inclusion: found PDF version <1.7>, but at most version <1.5> allowed
<gfx/own/control_module.drawio.pdf, id=1095, 385.44pt x 390.49887pt>
File: gfx/own/control_module.drawio.pdf Graphic file (type pdf)
<use gfx/own/control_module.drawio.pdf>
Package pdftex.def Info: gfx/own/control_module.drawio.pdf  used on input line 1548.
(pdftex.def)             Requested size: 292.77629pt x 296.61537pt.
[34 </home/fm/drone_racing_ws/catkin_ddr/src/forgetful_drones/docs/TUB/diploma_template/bsc_msc_dipl_template_ENG_aubrey/gfx/own/control_module.drawio.pdf>] [35] [36] [37]
<gfx/own/expert_state_projection_3d.pdf, id=1161, 372.9132pt x 281.56392pt>
File: gfx/own/expert_state_projection_3d.pdf Graphic file (type pdf)
<use gfx/own/expert_state_projection_3d.pdf>
Package pdftex.def Info: gfx/own/expert_state_projection_3d.pdf  used on input line 1954.
(pdftex.def)             Requested size: 376.42575pt x 284.21834pt.
 [38] [39 </home/fm/drone_racing_ws/catkin_ddr/src/forgetful_drones/docs/TUB/diploma_template/bsc_msc_dipl_template_ENG_aubrey/gfx/own/expert_state_projection_3d.pdf>] [40]) (/home/fm/drone_racing_ws/catkin_ddr/src/forgetful_drones/docs/TUB/diploma_template/bsc_msc_dipl_template_ENG_aubrey/input/04_main_part_2.tex [41]
Chapter 4.


pdfTeX warning: pdflatex (file /home/fm/drone_racing_ws/catkin_ddr/src/forgetful_drones/docs/TUB/diploma_template/bsc_msc_dipl_template_ENG_aubrey/gfx/own/simulation_setup.drawio.pdf): PDF inclusion: found PDF version <1.7>, but at most version <1.5> allowed
<gfx/own/simulation_setup.drawio.pdf, id=1246, 703.62875pt x 245.91875pt>
File: gfx/own/simulation_setup.drawio.pdf Graphic file (type pdf)
<use gfx/own/simulation_setup.drawio.pdf>
Package pdftex.def Info: gfx/own/simulation_setup.drawio.pdf  used on input line 14.
(pdftex.def)             Requested size: 418.25368pt x 146.17899pt.
<gfx/own/jpg/spaceship_interior.jpg, id=1264, 722.7pt x 481.8pt>
File: gfx/own/jpg/spaceship_interior.jpg Graphic file (type jpg)
<use gfx/own/jpg/spaceship_interior.jpg>
Package pdftex.def Info: gfx/own/jpg/spaceship_interior.jpg  used on input line 83.
(pdftex.def)             Requested size: 138.02448pt x 92.01344pt.
<gfx/own/jpg/destroyed_city.jpg, id=1265, 722.7pt x 481.8pt>
File: gfx/own/jpg/destroyed_city.jpg Graphic file (type jpg)
<use gfx/own/jpg/destroyed_city.jpg>
Package pdftex.def Info: gfx/own/jpg/destroyed_city.jpg  used on input line 90.
(pdftex.def)             Requested size: 138.02448pt x 92.01344pt.
<gfx/own/jpg/industrial_site.jpg, id=1266, 722.7pt x 481.8pt>
File: gfx/own/jpg/industrial_site.jpg Graphic file (type jpg)
<use gfx/own/jpg/industrial_site.jpg>
Package pdftex.def Info: gfx/own/jpg/industrial_site.jpg  used on input line 97.
(pdftex.def)             Requested size: 138.02448pt x 92.01344pt.
<gfx/own/jpg/polygon_city.jpg, id=1267, 722.7pt x 481.8pt>
File: gfx/own/jpg/polygon_city.jpg Graphic file (type jpg)
<use gfx/own/jpg/polygon_city.jpg>
Package pdftex.def Info: gfx/own/jpg/polygon_city.jpg  used on input line 103.
(pdftex.def)             Requested size: 138.02448pt x 92.01344pt.
<gfx/own/jpg/desert_mountain.jpg, id=1268, 722.7pt x 481.8pt>
File: gfx/own/jpg/desert_mountain.jpg Graphic file (type jpg)
<use gfx/own/jpg/desert_mountain.jpg>
Package pdftex.def Info: gfx/own/jpg/desert_mountain.jpg  used on input line 109.
(pdftex.def)             Requested size: 138.02448pt x 92.01344pt.

Overfull \hbox (13.81975pt too wide) in paragraph at lines 97--115
 [][][][][][] 
 []

<gfx/own/jpg/tub_dai_gate.png, id=1269, 1003.75pt x 1003.75pt>
File: gfx/own/jpg/tub_dai_gate.png Graphic file (type png)
<use gfx/own/jpg/tub_dai_gate.png>
Package pdftex.def Info: gfx/own/jpg/tub_dai_gate.png  used on input line 124.
(pdftex.def)             Requested size: 138.02448pt x 138.01222pt.
<gfx/own/jpg/thu_dme_gate.png, id=1271, 1003.75pt x 1003.75pt>
File: gfx/own/jpg/thu_dme_gate.png Graphic file (type png)
<use gfx/own/jpg/thu_dme_gate.png>
Package pdftex.def Info: gfx/own/jpg/thu_dme_gate.png  used on input line 130.
(pdftex.def)             Requested size: 138.02448pt x 138.01222pt.
[42

 </home/fm/drone_racing_ws/catkin_ddr/src/forgetful_drones/docs/TUB/diploma_template/bsc_msc_dipl_template_ENG_aubrey/gfx/own/simulation_setup.drawio.pdf>]

LaTeX Warning: `h' float specifier changed to `ht'.

[43 </home/fm/drone_racing_ws/catkin_ddr/src/forgetful_drones/docs/TUB/diploma_template/bsc_msc_dipl_template_ENG_aubrey/gfx/own/jpg/spaceship_interior.jpg> </home/fm/drone_racing_ws/catkin_ddr/src/forgetful_drones/docs/TUB/diploma_template/bsc_msc_dipl_template_ENG_aubrey/gfx/own/jpg/destroyed_city.jpg> </home/fm/drone_racing_ws/catkin_ddr/src/forgetful_drones/docs/TUB/diploma_template/bsc_msc_dipl_template_ENG_aubrey/gfx/own/jpg/industrial_site.jpg> </home/fm/drone_racing_ws/catkin_ddr/src/forgetful_drones/docs/TUB/diploma_template/bsc_msc_dipl_template_ENG_aubrey/gfx/own/jpg/polygon_city.jpg> </home/fm/drone_racing_ws/catkin_ddr/src/forgetful_drones/docs/TUB/diploma_template/bsc_msc_dipl_template_ENG_aubrey/gfx/own/jpg/desert_mountain.jpg>] [44 </home/fm/drone_racing_ws/catkin_ddr/src/forgetful_drones/docs/TUB/diploma_template/bsc_msc_dipl_template_ENG_aubrey/gfx/own/jpg/tub_dai_gate.png> </home/fm/drone_racing_ws/catkin_ddr/src/forgetful_drones/docs/TUB/diploma_template/bsc_msc_dipl_template_ENG_aubrey/gfx/own/jpg/thu_dme_gate.png>] [45] [46] [47] [48] [49]
Overfull \hbox (1.67485pt too wide) in paragraph at lines 843--844
[]|\OT1/ptm/m/n/12 Resnet8| 
 []


LaTeX Warning: `h' float specifier changed to `ht'.


LaTeX Warning: `h' float specifier changed to `ht'.

[50] [51]

LaTeX Warning: `h' float specifier changed to `ht'.

[52]

LaTeX Warning: `h' float specifier changed to `ht'.


LaTeX Warning: `h' float specifier changed to `ht'.

[53]

LaTeX Warning: `h' float specifier changed to `ht'.

[54]) (/home/fm/drone_racing_ws/catkin_ddr/src/forgetful_drones/docs/TUB/diploma_template/bsc_msc_dipl_template_ENG_aubrey/input/05_evaluation.tex [55] [56] [57] [58] [59]
Chapter 5.
[60

]
<gfx/own/results_e1_learning_feedforward.pdf, id=1463, 417.75258pt x 312.02145pt>
File: gfx/own/results_e1_learning_feedforward.pdf Graphic file (type pdf)
<use gfx/own/results_e1_learning_feedforward.pdf>
Package pdftex.def Info: gfx/own/results_e1_learning_feedforward.pdf  used on input line 108.
(pdftex.def)             Requested size: 334.60422pt x 249.91743pt.
<gfx/own/results_e1_learning_recurrent.pdf, id=1464, 417.75258pt x 312.02145pt>
File: gfx/own/results_e1_learning_recurrent.pdf Graphic file (type pdf)
<use gfx/own/results_e1_learning_recurrent.pdf>
Package pdftex.def Info: gfx/own/results_e1_learning_recurrent.pdf  used on input line 116.
(pdftex.def)             Requested size: 334.60422pt x 249.91743pt.

Underfull \hbox (badness 10000) in paragraph at lines 126--126
[][][][]$\OT1/pcr/m/n/10 https : / / pytorch . org / docs / stable / generated / torch . nn . SmoothL1Loss .
 []

<gfx/own/results_e1_racing.pdf, id=1468, 406.42903pt x 312.02145pt>
File: gfx/own/results_e1_racing.pdf Graphic file (type pdf)
<use gfx/own/results_e1_racing.pdf>
Package pdftex.def Info: gfx/own/results_e1_racing.pdf  used on input line 159.
(pdftex.def)             Requested size: 334.60422pt x 256.89238pt.
[61] [62 </home/fm/drone_racing_ws/catkin_ddr/src/forgetful_drones/docs/TUB/diploma_template/bsc_msc_dipl_template_ENG_aubrey/gfx/own/results_e1_learning_feedforward.pdf> </home/fm/drone_racing_ws/catkin_ddr/src/forgetful_drones/docs/TUB/diploma_template/bsc_msc_dipl_template_ENG_aubrey/gfx/own/results_e1_learning_recurrent.pdf

pdfTeX warning: pdflatex (file /home/fm/drone_racing_ws/catkin_ddr/src/forgetful_drones/docs/TUB/diploma_template/bsc_msc_dipl_template_ENG_aubrey/gfx/own/results_e1_learning_recurrent.pdf): PDF inclusion: multiple pdfs with page group included in a single page
>]
<gfx/own/results_e2_learning.pdf, id=1530, 417.75258pt x 312.02145pt>
File: gfx/own/results_e2_learning.pdf Graphic file (type pdf)
<use gfx/own/results_e2_learning.pdf>
Package pdftex.def Info: gfx/own/results_e2_learning.pdf  used on input line 195.
(pdftex.def)             Requested size: 334.60422pt x 249.91743pt.
<gfx/own/results_e2_racing.pdf, id=1532, 412.81226pt x 312.02145pt>
File: gfx/own/results_e2_racing.pdf Graphic file (type pdf)
<use gfx/own/results_e2_racing.pdf>
Package pdftex.def Info: gfx/own/results_e2_racing.pdf  used on input line 226.
(pdftex.def)             Requested size: 334.60422pt x 252.92642pt.
 [63 </home/fm/drone_racing_ws/catkin_ddr/src/forgetful_drones/docs/TUB/diploma_template/bsc_msc_dipl_template_ENG_aubrey/gfx/own/results_e1_racing.pdf>] [64 </home/fm/drone_racing_ws/catkin_ddr/src/forgetful_drones/docs/TUB/diploma_template/bsc_msc_dipl_template_ENG_aubrey/gfx/own/results_e2_learning.pdf> </home/fm/drone_racing_ws/catkin_ddr/src/forgetful_drones/docs/TUB/diploma_template/bsc_msc_dipl_template_ENG_aubrey/gfx/own/results_e2_racing.pdf

pdfTeX warning: pdflatex (file /home/fm/drone_racing_ws/catkin_ddr/src/forgetful_drones/docs/TUB/diploma_template/bsc_msc_dipl_template_ENG_aubrey/gfx/own/results_e2_racing.pdf): PDF inclusion: multiple pdfs with page group included in a single page
>]
<gfx/own/results_e3_learning.pdf, id=1654, 417.75258pt x 312.02145pt>
File: gfx/own/results_e3_learning.pdf Graphic file (type pdf)
<use gfx/own/results_e3_learning.pdf>
Package pdftex.def Info: gfx/own/results_e3_learning.pdf  used on input line 295.
(pdftex.def)             Requested size: 334.60422pt x 249.91743pt.
<gfx/own/results_e3_racing.pdf, id=1657, 406.42903pt x 312.02145pt>
File: gfx/own/results_e3_racing.pdf Graphic file (type pdf)
<use gfx/own/results_e3_racing.pdf>
Package pdftex.def Info: gfx/own/results_e3_racing.pdf  used on input line 325.
(pdftex.def)             Requested size: 334.60422pt x 256.89238pt.
<gfx/own/results_e4_learning_360x240.pdf, id=1659, 417.75258pt x 312.02145pt>
File: gfx/own/results_e4_learning_360x240.pdf Graphic file (type pdf)
<use gfx/own/results_e4_learning_360x240.pdf>
Package pdftex.def Info: gfx/own/results_e4_learning_360x240.pdf  used on input line 359.
(pdftex.def)             Requested size: 334.60422pt x 249.91743pt.
<gfx/own/results_e4_learning_240x160.pdf, id=1660, 417.75258pt x 312.02145pt>
File: gfx/own/results_e4_learning_240x160.pdf Graphic file (type pdf)
<use gfx/own/results_e4_learning_240x160.pdf>
Package pdftex.def Info: gfx/own/results_e4_learning_240x160.pdf  used on input line 367.
(pdftex.def)             Requested size: 334.60422pt x 249.91743pt.
 [65] [66 </home/fm/drone_racing_ws/catkin_ddr/src/forgetful_drones/docs/TUB/diploma_template/bsc_msc_dipl_template_ENG_aubrey/gfx/own/results_e3_learning.pdf> </home/fm/drone_racing_ws/catkin_ddr/src/forgetful_drones/docs/TUB/diploma_template/bsc_msc_dipl_template_ENG_aubrey/gfx/own/results_e3_racing.pdf

pdfTeX warning: pdflatex (file /home/fm/drone_racing_ws/catkin_ddr/src/forgetful_drones/docs/TUB/diploma_template/bsc_msc_dipl_template_ENG_aubrey/gfx/own/results_e3_racing.pdf): PDF inclusion: multiple pdfs with page group included in a single page
>] [67 </home/fm/drone_racing_ws/catkin_ddr/src/forgetful_drones/docs/TUB/diploma_template/bsc_msc_dipl_template_ENG_aubrey/gfx/own/results_e4_learning_360x240.pdf> </home/fm/drone_racing_ws/catkin_ddr/src/forgetful_drones/docs/TUB/diploma_template/bsc_msc_dipl_template_ENG_aubrey/gfx/own/results_e4_learning_240x160.pdf

pdfTeX warning: pdflatex (file /home/fm/drone_racing_ws/catkin_ddr/src/forgetful_drones/docs/TUB/diploma_template/bsc_msc_dipl_template_ENG_aubrey/gfx/own/results_e4_learning_240x160.pdf): PDF inclusion: multiple pdfs with page group included in a single page
>]
<gfx/own/results_e4_racing_360x240.pdf, id=1800, 406.42903pt x 312.02145pt>
File: gfx/own/results_e4_racing_360x240.pdf Graphic file (type pdf)
<use gfx/own/results_e4_racing_360x240.pdf>
Package pdftex.def Info: gfx/own/results_e4_racing_360x240.pdf  used on input line 411.
(pdftex.def)             Requested size: 334.60422pt x 256.89238pt.
<gfx/own/results_e4_racing_240x160.pdf, id=1801, 406.42903pt x 312.02145pt>
File: gfx/own/results_e4_racing_240x160.pdf Graphic file (type pdf)
<use gfx/own/results_e4_racing_240x160.pdf>
Package pdftex.def Info: gfx/own/results_e4_racing_240x160.pdf  used on input line 419.
(pdftex.def)             Requested size: 334.60422pt x 256.89238pt.
 [68] [69 </home/fm/drone_racing_ws/catkin_ddr/src/forgetful_drones/docs/TUB/diploma_template/bsc_msc_dipl_template_ENG_aubrey/gfx/own/results_e4_racing_360x240.pdf> </home/fm/drone_racing_ws/catkin_ddr/src/forgetful_drones/docs/TUB/diploma_template/bsc_msc_dipl_template_ENG_aubrey/gfx/own/results_e4_racing_240x160.pdf

pdfTeX warning: pdflatex (file /home/fm/drone_racing_ws/catkin_ddr/src/forgetful_drones/docs/TUB/diploma_template/bsc_msc_dipl_template_ENG_aubrey/gfx/own/results_e4_racing_240x160.pdf): PDF inclusion: multiple pdfs with page group included in a single page
>] [70] [71] [72] [73] [74]) (/home/fm/drone_racing_ws/catkin_ddr/src/forgetful_drones/docs/TUB/diploma_template/bsc_msc_dipl_template_ENG_aubrey/input/06_conclusion.tex [75]
Chapter 6.
[76

] [77] [78] [79] [80]) [81] (/home/fm/drone_racing_ws/catkin_ddr/src/forgetful_drones/docs/TUB/diploma_template/bsc_msc_dipl_template_ENG_aubrey/thesis.bbl
Underfull \hbox (badness 10000) in paragraph at lines 4--8
[]\OT1/ptm/m/n/12 Visual drone in-spec-tion across dif-fer-ent in-dus-
 []


Underfull \hbox (badness 10000) in paragraph at lines 4--8
\OT1/ptm/m/n/12 tries.  []$\OT1/pcr/m/n/12 https : / / www . equinoxsdrones . com / blog /
 []


Underfull \hbox (badness 10000) in paragraph at lines 4--8
\OT1/pcr/m/n/12 visual-[]drone-[]inspection-[]across-[]different-[]industries$[]\OT1/ptm/m/n/12 .
 []


Underfull \hbox (badness 4441) in paragraph at lines 14--19
[]\OT1/ptm/m/n/12 Dor Abuhasira.  In 2022, per-cepto is bring-ing vi-sual in-spec-tion au-
 []


Underfull \hbox (badness 10000) in paragraph at lines 14--19
\OT1/ptm/m/n/12 toma-tion to all.  []$\OT1/pcr/m/n/12 https : / / www . equinoxsdrones . com / blog /
 []


Underfull \hbox (badness 10000) in paragraph at lines 14--19
\OT1/pcr/m/n/12 visual-[]drone-[]inspection-[]across-[]different-[]industries$[]\OT1/ptm/m/n/12 .
 []

[82


]
Underfull \hbox (badness 10000) in paragraph at lines 74--79
[]\OT1/ptm/m/n/12 Pamela Cohn, Alas-tair Green, Mered-ith Langstaff, and Melanie
 []


Underfull \hbox (badness 10000) in paragraph at lines 74--79
\OT1/ptm/m/n/12 Roller.  Com-mer-cial drones are here: The fu-ture of un-manned
 []


Underfull \hbox (badness 10000) in paragraph at lines 74--79
\OT1/ptm/m/n/12 aerial sys-tems.  []$\OT1/pcr/m/n/12 https : / / www . mckinsey . com / industries /
 []


Underfull \hbox (badness 10000) in paragraph at lines 74--79
\OT1/pcr/m/n/12 travel-[]logistics-[]and-[]infrastructure / our-[]insights /
 []


Overfull \hbox (75.91298pt too wide) in paragraph at lines 74--79
\OT1/pcr/m/n/12 commercial-[]drones-[]are-[]here-[]the-[]future-[]of-[]unmanned-[]aerial-[]systems$[]\OT1/ptm/m/n/12 .
 []


Underfull \hbox (badness 10000) in paragraph at lines 81--86
\OT1/pcr/m/n/12 munichre . com / topics-[]online / en / mobility-[]and-[]transport /
 []


Underfull \hbox (badness 7064) in paragraph at lines 81--86
\OT1/pcr/m/n/12 drone-[]use-[]taking-[]flight-[]on-[]small-[]farms . html$[]\OT1/ptm/m/n/12 .  Ac-cessed:
 []

[83]
Underfull \hbox (badness 10000) in paragraph at lines 155--160
[]\OT1/ptm/m/n/12 IBM Cloud Ed-u-ca-tion.  Re-cur-rent neu-ral net-works.  \OT1/ptm/m/it/12 IBM Cloud
 []


Underfull \hbox (badness 4726) in paragraph at lines 155--160
\OT1/ptm/m/it/12 Learn Hub\OT1/ptm/m/n/12 , 2020.  URL: []$\OT1/pcr/m/n/12 https : / / www . ibm . com / cloud / learn /
 []

[84] [85]
Underfull \hbox (badness 2418) in paragraph at lines 335--345
[]\OT1/ptm/m/n/12 Davide Scara-muzza, Michael C. Achte-lik, Lef-t-eris Doit-sidis, Fraun-dor-fer
 []

[86] [87]) (/home/fm/drone_racing_ws/catkin_ddr/src/forgetful_drones/docs/TUB/diploma_template/bsc_msc_dipl_template_ENG_aubrey/input/07_appendix.tex [88] [89

]
<gfx/own/computeRacetrack_fig8_shift.pdf, id=2015, 456.29109pt x 251.27815pt>
File: gfx/own/computeRacetrack_fig8_shift.pdf Graphic file (type pdf)
<use gfx/own/computeRacetrack_fig8_shift.pdf>
Package pdftex.def Info: gfx/own/computeRacetrack_fig8_shift.pdf  used on input line 85.
(pdftex.def)             Requested size: 196.57973pt x 108.25453pt.
<gfx/own/computeRacetrack_gap_shift.pdf, id=2016, 456.51523pt x 255.3226pt>
File: gfx/own/computeRacetrack_gap_shift.pdf Graphic file (type pdf)
<use gfx/own/computeRacetrack_gap_shift.pdf>
Package pdftex.def Info: gfx/own/computeRacetrack_gap_shift.pdf  used on input line 91.
(pdftex.def)             Requested size: 196.57973pt x 109.9463pt.

Overfull \hbox (7.81973pt too wide) in paragraph at lines 85--92
 [][][][][][] 
 []

<gfx/own/computeRacetrack_fig8_scale.pdf, id=2017, 455.30101pt x 241.7467pt>
File: gfx/own/computeRacetrack_fig8_scale.pdf Graphic file (type pdf)
<use gfx/own/computeRacetrack_fig8_scale.pdf>
Package pdftex.def Info: gfx/own/computeRacetrack_fig8_scale.pdf  used on input line 99.
(pdftex.def)             Requested size: 196.57973pt x 104.37326pt.
<gfx/own/computeRacetrack_gap_scale.pdf, id=2018, 455.30101pt x 248.58095pt>
File: gfx/own/computeRacetrack_gap_scale.pdf Graphic file (type pdf)
<use gfx/own/computeRacetrack_gap_scale.pdf>
Package pdftex.def Info: gfx/own/computeRacetrack_gap_scale.pdf  used on input line 105.
(pdftex.def)             Requested size: 196.57973pt x 107.32391pt.

Overfull \hbox (7.81973pt too wide) in paragraph at lines 99--106
 [][][][][][] 
 []

<gfx/own/computeRacetrack_fig8_twist.pdf, id=2019, 455.30101pt x 241.7467pt>
File: gfx/own/computeRacetrack_fig8_twist.pdf Graphic file (type pdf)
<use gfx/own/computeRacetrack_fig8_twist.pdf>
Package pdftex.def Info: gfx/own/computeRacetrack_fig8_twist.pdf  used on input line 113.
(pdftex.def)             Requested size: 196.57973pt x 104.37326pt.
<gfx/own/computeRacetrack_gap_twist.pdf, id=2020, 455.30101pt x 248.58095pt>
File: gfx/own/computeRacetrack_gap_twist.pdf Graphic file (type pdf)
<use gfx/own/computeRacetrack_gap_twist.pdf>
Package pdftex.def Info: gfx/own/computeRacetrack_gap_twist.pdf  used on input line 119.
(pdftex.def)             Requested size: 196.57973pt x 107.32391pt.

Overfull \hbox (7.81973pt too wide) in paragraph at lines 113--120
 [][][][][][] 
 []

<gfx/own/computeRacetrack_fig8_redir.pdf, id=2021, 455.30101pt x 241.7467pt>
File: gfx/own/computeRacetrack_fig8_redir.pdf Graphic file (type pdf)
<use gfx/own/computeRacetrack_fig8_redir.pdf>
Package pdftex.def Info: gfx/own/computeRacetrack_fig8_redir.pdf  used on input line 127.
(pdftex.def)             Requested size: 196.57973pt x 104.37326pt.
<gfx/own/computeRacetrack_gap_redir.pdf, id=2022, 455.30101pt x 248.58095pt>
File: gfx/own/computeRacetrack_gap_redir.pdf Graphic file (type pdf)
<use gfx/own/computeRacetrack_gap_redir.pdf>
Package pdftex.def Info: gfx/own/computeRacetrack_gap_redir.pdf  used on input line 133.
(pdftex.def)             Requested size: 196.57973pt x 107.32391pt.

Overfull \hbox (7.81973pt too wide) in paragraph at lines 127--146
 [][][][][][] 
 []

)
Package atveryend Info: Empty hook `BeforeClearDocument' on input line 247.
 [90

 </home/fm/drone_racing_ws/catkin_ddr/src/forgetful_drones/docs/TUB/diploma_template/bsc_msc_dipl_template_ENG_aubrey/gfx/own/computeRacetrack_fig8_shift.pdf> </home/fm/drone_racing_ws/catkin_ddr/src/forgetful_drones/docs/TUB/diploma_template/bsc_msc_dipl_template_ENG_aubrey/gfx/own/computeRacetrack_gap_shift.pdf

pdfTeX warning: pdflatex (file /home/fm/drone_racing_ws/catkin_ddr/src/forgetful_drones/docs/TUB/diploma_template/bsc_msc_dipl_template_ENG_aubrey/gfx/own/computeRacetrack_gap_shift.pdf): PDF inclusion: multiple pdfs with page group included in a single page
> </home/fm/drone_racing_ws/catkin_ddr/src/forgetful_drones/docs/TUB/diploma_template/bsc_msc_dipl_template_ENG_aubrey/gfx/own/computeRacetrack_fig8_scale.pdf

pdfTeX warning: pdflatex (file /home/fm/drone_racing_ws/catkin_ddr/src/forgetful_drones/docs/TUB/diploma_template/bsc_msc_dipl_template_ENG_aubrey/gfx/own/computeRacetrack_fig8_scale.pdf): PDF inclusion: multiple pdfs with page group included in a single page
> </home/fm/drone_racing_ws/catkin_ddr/src/forgetful_drones/docs/TUB/diploma_template/bsc_msc_dipl_template_ENG_aubrey/gfx/own/computeRacetrack_gap_scale.pdf

pdfTeX warning: pdflatex (file /home/fm/drone_racing_ws/catkin_ddr/src/forgetful_drones/docs/TUB/diploma_template/bsc_msc_dipl_template_ENG_aubrey/gfx/own/computeRacetrack_gap_scale.pdf): PDF inclusion: multiple pdfs with page group included in a single page
> </home/fm/drone_racing_ws/catkin_ddr/src/forgetful_drones/docs/TUB/diploma_template/bsc_msc_dipl_template_ENG_aubrey/gfx/own/computeRacetrack_fig8_twist.pdf

pdfTeX warning: pdflatex (file /home/fm/drone_racing_ws/catkin_ddr/src/forgetful_drones/docs/TUB/diploma_template/bsc_msc_dipl_template_ENG_aubrey/gfx/own/computeRacetrack_fig8_twist.pdf): PDF inclusion: multiple pdfs with page group included in a single page
> </home/fm/drone_racing_ws/catkin_ddr/src/forgetful_drones/docs/TUB/diploma_template/bsc_msc_dipl_template_ENG_aubrey/gfx/own/computeRacetrack_gap_twist.pdf

pdfTeX warning: pdflatex (file /home/fm/drone_racing_ws/catkin_ddr/src/forgetful_drones/docs/TUB/diploma_template/bsc_msc_dipl_template_ENG_aubrey/gfx/own/computeRacetrack_gap_twist.pdf): PDF inclusion: multiple pdfs with page group included in a single page
> </home/fm/drone_racing_ws/catkin_ddr/src/forgetful_drones/docs/TUB/diploma_template/bsc_msc_dipl_template_ENG_aubrey/gfx/own/computeRacetrack_fig8_redir.pdf

pdfTeX warning: pdflatex (file /home/fm/drone_racing_ws/catkin_ddr/src/forgetful_drones/docs/TUB/diploma_template/bsc_msc_dipl_template_ENG_aubrey/gfx/own/computeRacetrack_fig8_redir.pdf): PDF inclusion: multiple pdfs with page group included in a single page
> </home/fm/drone_racing_ws/catkin_ddr/src/forgetful_drones/docs/TUB/diploma_template/bsc_msc_dipl_template_ENG_aubrey/gfx/own/computeRacetrack_gap_redir.pdf

pdfTeX warning: pdflatex (file /home/fm/drone_racing_ws/catkin_ddr/src/forgetful_drones/docs/TUB/diploma_template/bsc_msc_dipl_template_ENG_aubrey/gfx/own/computeRacetrack_gap_redir.pdf): PDF inclusion: multiple pdfs with page group included in a single page
>]
Package atveryend Info: Empty hook `AfterLastShipout' on input line 247.
 (/home/fm/drone_racing_ws/catkin_ddr/src/forgetful_drones/docs/TUB/diploma_template/bsc_msc_dipl_template_ENG_aubrey/thesis.aux)
Package atveryend Info: Executing hook `AtVeryEndDocument' on input line 247.
Package atveryend Info: Executing hook `AtEndAfterFileList' on input line 247.
Package rerunfilecheck Info: File `thesis.out' has not changed.
(rerunfilecheck)             Checksum: B0C1570CFE3CECBA072C1EB357AF8B00;2103.
Package atveryend Info: Empty hook `AtVeryVeryEnd' on input line 247.
 ) 
Here is how much of TeX's memory you used:
 13567 strings out of 481239
 216342 string characters out of 5920377
 538089 words of memory out of 5000000
 27991 multiletter control sequences out of 15000+600000
 564649 words of font info for 93 fonts, out of 8000000 for 9000
 1141 hyphenation exceptions out of 8191
 50i,21n,51p,1889b,482s stack positions out of 5000i,500n,10000p,200000b,80000s
{/usr/share/texlive/texmf-dist/fonts/enc/dvips/base/8r.enc}</usr/share/texlive/texmf-dist/fonts/type1/public/amsfonts/cm/cmex10.pfb></usr/share/texlive/texmf-dist/fonts/type1/public/amsfonts/cm/cmmi10.pfb></usr/share/texlive/texmf-dist/fonts/type1/public/amsfonts/cm/cmmi12.pfb></usr/share/texlive/texmf-dist/fonts/type1/public/amsfonts/cm/cmmi6.pfb></usr/share/texlive/texmf-dist/fonts/type1/public/amsfonts/cm/cmmi7.pfb></usr/share/texlive/texmf-dist/fonts/type1/public/amsfonts/cm/cmmi8.pfb></usr/share/texlive/texmf-dist/fonts/type1/public/amsfonts/cm/cmr10.pfb></usr/share/texlive/texmf-dist/fonts/type1/public/amsfonts/cm/cmr12.pfb></usr/share/texlive/texmf-dist/fonts/type1/public/amsfonts/cm/cmr17.pfb></usr/share/texlive/texmf-dist/fonts/type1/public/amsfonts/cm/cmr6.pfb></usr/share/texlive/texmf-dist/fonts/type1/public/amsfonts/cm/cmr7.pfb></usr/share/texlive/texmf-dist/fonts/type1/public/amsfonts/cm/cmr8.pfb></usr/share/texlive/texmf-dist/fonts/type1/public/amsfonts/cm/cmss10.pfb></usr/share/texlive/texmf-dist/fonts/type1/public/amsfonts/cm/cmss8.pfb></usr/share/texlive/texmf-dist/fonts/type1/public/amsfonts/cm/cmssbx10.pfb></usr/share/texlive/texmf-dist/fonts/type1/public/amsfonts/cm/cmsy10.pfb></usr/share/texlive/texmf-dist/fonts/type1/public/amsfonts/cm/cmsy6.pfb></usr/share/texlive/texmf-dist/fonts/type1/public/amsfonts/cm/cmsy8.pfb></usr/share/texlive/texmf-dist/fonts/type1/public/amsfonts/cm/cmtt10.pfb></usr/share/texlive/texmf-dist/fonts/type1/public/amsfonts/symbols/msam10.pfb></usr/share/texlive/texmf-dist/fonts/type1/public/amsfonts/symbols/msbm10.pfb></usr/share/texlive/texmf-dist/fonts/type1/urw/courier/ucrr8a.pfb></usr/share/texlive/texmf-dist/fonts/type1/urw/times/utmb8a.pfb></usr/share/texlive/texmf-dist/fonts/type1/urw/times/utmr8a.pfb></usr/share/texlive/texmf-dist/fonts/type1/urw/times/utmri8a.pfb>
Output written on /home/fm/drone_racing_ws/catkin_ddr/src/forgetful_drones/docs/TUB/diploma_template/bsc_msc_dipl_template_ENG_aubrey/thesis.pdf (98 pages, 2648842 bytes).
PDF statistics:
 2249 PDF objects out of 2487 (max. 8388607)
 1560 compressed objects within 16 object streams
 490 named destinations out of 1000 (max. 500000)
 463 words of extra memory for PDF output out of 10000 (max. 10000000)

