\BOOKMARK [0][-]{section*.1}{\376\377\000D\000e\000c\000l\000a\000r\000a\000t\000i\000o\000n\000\040\000o\000f\000\040\000A\000u\000t\000h\000o\000r\000s\000h\000i\000p}{}% 1
\BOOKMARK [0][-]{chapter.5}{\376\377\000I\000n\000t\000r\000o\000d\000u\000c\000t\000i\000o\000n}{}% 2
\BOOKMARK [0][-]{chapter.6}{\376\377\000L\000i\000t\000e\000r\000a\000t\000u\000r\000e\000\040\000R\000e\000v\000i\000e\000w}{}% 3
\BOOKMARK [1][-]{section.7}{\376\377\000I\000n\000t\000r\000o\000d\000u\000c\000t\000i\000o\000n\000\040\000t\000o\000\040\000U\000n\000m\000a\000n\000n\000e\000d\000\040\000A\000e\000r\000i\000a\000l\000\040\000V\000e\000h\000i\000c\000l\000e\000s}{chapter.6}% 4
\BOOKMARK [2][-]{subsection.8}{\376\377\000B\000a\000s\000i\000c\000s\000\040\000a\000n\000d\000\040\000C\000l\000a\000s\000s\000i\000f\000i\000c\000a\000t\000i\000o\000n}{section.7}% 5
\BOOKMARK [2][-]{subsection.12}{\376\377\000C\000o\000m\000m\000e\000r\000c\000i\000a\000l\000\040\000A\000p\000p\000l\000i\000c\000a\000t\000i\000o\000n\000s}{section.7}% 6
\BOOKMARK [2][-]{subsection.15}{\376\377\000A\000u\000t\000o\000n\000o\000m\000o\000u\000s\000\040\000F\000u\000n\000c\000t\000i\000o\000n\000s}{section.7}% 7
\BOOKMARK [1][-]{section.20}{\376\377\000A\000u\000t\000o\000n\000o\000m\000o\000u\000s\000\040\000N\000a\000v\000i\000g\000a\000t\000i\000o\000n\000\040\000o\000f\000\040\000M\000A\000V\000s}{chapter.6}% 8
\BOOKMARK [2][-]{subsection.21}{\376\377\000S\000u\000b\000d\000i\000v\000i\000s\000i\000o\000n\000\040\000o\000f\000\040\000N\000a\000v\000i\000g\000a\000t\000i\000o\000n}{section.20}% 9
\BOOKMARK [2][-]{subsection.23}{\376\377\000R\000e\000l\000i\000a\000b\000i\000l\000i\000t\000y\000\040\000a\000n\000d\000\040\000Q\000u\000a\000l\000i\000t\000i\000e\000s}{section.20}% 10
\BOOKMARK [2][-]{subsection.27}{\376\377\000S\000t\000a\000t\000e\000\040\000o\000f\000\040\000R\000e\000s\000e\000a\000r\000c\000h}{section.20}% 11
\BOOKMARK [0][-]{chapter.31}{\376\377\000T\000h\000e\000\040\000R\000e\000s\000e\000a\000r\000c\000h\000\040\000P\000r\000o\000j\000e\000c\000t}{}% 12
\BOOKMARK [1][-]{section.32}{\376\377\000R\000e\000s\000e\000a\000r\000c\000h\000\040\000O\000b\000j\000e\000c\000t\000i\000v\000e\000\040\000a\000n\000d\000\040\000A\000n\000t\000i\000c\000i\000p\000a\000t\000e\000d\000\040\000C\000o\000n\000t\000r\000i\000b\000u\000t\000i\000o\000n}{chapter.31}% 13
\BOOKMARK [1][-]{section.33}{\376\377\000M\000e\000t\000h\000o\000d\000o\000l\000o\000g\000y\000\040\000a\000n\000d\000\040\000E\000l\000a\000b\000o\000r\000a\000t\000i\000o\000n}{chapter.31}% 14
\BOOKMARK [2][-]{subsection.34}{\376\377\000S\000e\000t\000u\000p\000\040\000o\000f\000\040\000t\000h\000e\000\040\000U\000A\000S}{section.33}% 15
\BOOKMARK [2][-]{subsection.35}{\376\377\000D\000e\000s\000i\000g\000n\000\040\000o\000f\000\040\000t\000h\000e\000\040\000N\000a\000v\000i\000g\000a\000t\000i\000o\000n\000\040\000C\000o\000n\000t\000r\000o\000l\000\040\000S\000y\000s\000t\000e\000m}{section.33}% 16
\BOOKMARK [2][-]{subsection.42}{\376\377\000T\000e\000s\000t\000\040\000S\000e\000t\000u\000p}{section.33}% 17
\BOOKMARK [1][-]{section.43}{\376\377\000S\000c\000h\000e\000d\000u\000l\000e\000\040\000o\000f\000\040\000t\000h\000e\000\040\000M\000a\000s\000t\000e\000r\000\040\000T\000h\000e\000s\000i\000s}{chapter.31}% 18
\BOOKMARK [2][-]{subsection.44}{\376\377\000E\000q\000u\000i\000p\000m\000e\000n\000t}{section.43}% 19
\BOOKMARK [2][-]{subsection.45}{\376\377\000R\000e\000s\000e\000a\000r\000c\000h\000\040\000P\000l\000a\000n}{section.43}% 20
\BOOKMARK [2][-]{subsection.50}{\376\377\000T\000h\000e\000s\000i\000s\000\040\000W\000r\000i\000t\000i\000n\000g\000\040\000a\000n\000d\000\040\000P\000r\000o\000p\000o\000s\000e\000d\000\040\000D\000a\000t\000e\000\040\000o\000f\000\040\000D\000e\000f\000e\000n\000s\000e}{section.43}% 21
\BOOKMARK [0][-]{appendix.51}{\376\377\000L\000e\000v\000e\000l\000s\000\040\000o\000f\000\040\000A\000u\000t\000o\000m\000a\000t\000i\000o\000n\000\040\000b\000y\000\040\000S\000h\000e\000r\000i\000d\000a\000n\000\040\000a\000n\000d\000\040\000V\000e\000r\000p\000l\000a\000n\000k}{}% 22
\BOOKMARK [0][-]{appendix.53}{\376\377\000A\000u\000t\000o\000n\000o\000m\000o\000u\000s\000\040\000C\000o\000n\000t\000r\000o\000l\000\040\000L\000e\000v\000e\000l\000s\000\040\000b\000y\000\040\000C\000l\000o\000u\000g\000h}{}% 23
\BOOKMARK [0][-]{appendix.55}{\376\377\000M\000i\000l\000e\000s\000t\000o\000n\000e\000s\000\040\000i\000n\000\040\000U\000A\000V\000\040\000D\000e\000l\000i\000v\000e\000r\000y}{}% 24
\BOOKMARK [0][-]{appendix*.57}{\376\377\000B\000i\000b\000l\000i\000o\000g\000r\000a\000p\000h\000y}{}% 25
