This is pdfTeX, Version 3.14159265-2.6-1.40.20 (TeX Live 2019/Debian) (preloaded format=pdflatex 2021.11.20)  20 NOV 2021 16:54
entering extended mode
 restricted \write18 enabled.
 file:line:error style messages enabled.
 %&-line parsing enabled.
**/home/fm/drone_racing_ws/catkin_ddr/src/forgetful_drones/docs/THU/thesis_proposal/main.tex
(/home/fm/drone_racing_ws/catkin_ddr/src/forgetful_drones/docs/THU/thesis_proposal/main.tex
LaTeX2e <2020-02-02> patch level 2
L3 programming layer <2020-02-14> (/home/fm/drone_racing_ws/catkin_ddr/src/forgetful_drones/docs/THU/thesis_proposal/MastersDoctoralThesis.cls
Document Class: MastersDoctoralThesis 2017/08/27 v1.6 LaTeXTemplates.com
(/usr/share/texlive/texmf-dist/tex/latex/etoolbox/etoolbox.sty
Package: etoolbox 2019/09/21 v2.5h e-TeX tools for LaTeX (JAW)
\etb@tempcnta=\count167
) (/usr/share/texlive/texmf-dist/tex/latex/l3packages/xparse/xparse.sty (/usr/share/texlive/texmf-dist/tex/latex/l3kernel/expl3.sty
Package: expl3 2020-02-14 L3 programming layer (loader) 
 (/usr/share/texlive/texmf-dist/tex/latex/l3backend/l3backend-pdfmode.def
File: l3backend-pdfmode.def 2020-02-03 L3 backend support: PDF mode
\l__kernel_color_stack_int=\count168
\l__pdf_internal_box=\box45
))
Package: xparse 2020-02-14 L3 Experimental document command parser
\l__xparse_current_arg_int=\count169
\g__xparse_grabber_int=\count170
\l__xparse_m_args_int=\count171
\l__xparse_v_nesting_int=\count172
) (/usr/share/texlive/texmf-dist/tex/latex/base/book.cls
Document Class: book 2019/12/20 v1.4l Standard LaTeX document class
(/usr/share/texlive/texmf-dist/tex/latex/base/bk11.clo
File: bk11.clo 2019/12/20 v1.4l Standard LaTeX file (size option)
)
\c@part=\count173
\c@chapter=\count174
\c@section=\count175
\c@subsection=\count176
\c@subsubsection=\count177
\c@paragraph=\count178
\c@subparagraph=\count179
\c@figure=\count180
\c@table=\count181
\abovecaptionskip=\skip47
\belowcaptionskip=\skip48
\bibindent=\dimen134
) (/usr/share/texlive/texmf-dist/tex/generic/babel/babel.sty
Package: babel 2020/02/14 3.40 The Babel package
 (/usr/share/texlive/texmf-dist/tex/generic/babel/switch.def
File: switch.def 2020/02/14 3.40 Babel switching mechanism
) (/usr/share/texlive/texmf-dist/tex/generic/babel-english/english.ldf
Language: english 2017/06/06 v3.3r English support from the babel system
 (/usr/share/texlive/texmf-dist/tex/generic/babel/babel.def
File: babel.def 2020/02/14 3.40 Babel common definitions
\babel@savecnt=\count182
\U@D=\dimen135
 (/usr/share/texlive/texmf-dist/tex/generic/babel/txtbabel.def)
\bbl@readstream=\read2
\bbl@dirlevel=\count183
)
Package babel Info: \l@british = using hyphenrules for english
(babel)             (\language0) on input line 82.
Package babel Info: \l@UKenglish = using hyphenrules for english
(babel)             (\language0) on input line 83.
Package babel Info: \l@canadian = using hyphenrules for english
(babel)             (\language0) on input line 102.
Package babel Info: \l@australian = using hyphenrules for english
(babel)             (\language0) on input line 105.
Package babel Info: \l@newzealand = using hyphenrules for english
(babel)             (\language0) on input line 108.
)) (/usr/share/texlive/texmf-dist/tex/latex/koma-script/scrbase.sty
Package: scrbase 2020/01/24 v3.29 KOMA-Script package (KOMA-Script-independent basics and keyval usage)
 (/usr/share/texlive/texmf-dist/tex/latex/graphics/keyval.sty
Package: keyval 2014/10/28 v1.15 key=value parser (DPC)
\KV@toks@=\toks14
) (/usr/share/texlive/texmf-dist/tex/latex/koma-script/scrlfile.sty
Package: scrlfile 2020/01/24 v3.29 KOMA-Script package (loading files)
)) (/usr/share/texlive/texmf-dist/tex/latex/koma-script/scrhack.sty
Package: scrhack 2020/01/24 v3.29 KOMA-Script package (hacking other packages)
 (/usr/share/texlive/texmf-dist/tex/latex/koma-script/scrkbase.sty
Package: scrkbase 2020/01/24 v3.29 KOMA-Script package (KOMA-Script-dependent basics and keyval usage)
) (/usr/share/texlive/texmf-dist/tex/latex/xpatch/xpatch.sty
Package: xpatch 2012/10/02 v0.3 Extending etoolbox patching commands
)) (/usr/share/texlive/texmf-dist/tex/latex/setspace/setspace.sty
Package: setspace 2011/12/19 v6.7a set line spacing
)
Package scrhack Info: loading setspace hack on input line 193.
 (/usr/share/texlive/texmf-dist/tex/latex/koma-script/setspace.hak
File: setspace.hak 2020/01/24 v3.29 KOMA-Script scrhack part (hacking package setspace)
) (/usr/share/texlive/texmf-dist/tex/latex/tools/longtable.sty
Package: longtable 2020/01/07 v4.13 Multi-page Table package (DPC)
\LTleft=\skip49
\LTright=\skip50
\LTpre=\skip51
\LTpost=\skip52
\LTchunksize=\count184
\LTcapwidth=\dimen136
\LT@head=\box46
\LT@firsthead=\box47
\LT@foot=\box48
\LT@lastfoot=\box49
\LT@cols=\count185
\LT@rows=\count186
\c@LT@tables=\count187
\c@LT@chunks=\count188
\LT@p@ftn=\toks15
) (/usr/share/texlive/texmf-dist/tex/latex/siunitx/siunitx.sty
Package: siunitx 2020/01/15 v2.7u A comprehensive (SI) units package
 (/usr/share/texlive/texmf-dist/tex/latex/amsmath/amstext.sty
Package: amstext 2000/06/29 v2.01 AMS text
 (/usr/share/texlive/texmf-dist/tex/latex/amsmath/amsgen.sty
File: amsgen.sty 1999/11/30 v2.0 generic functions
\@emptytoks=\toks16
\ex@=\dimen137
)) (/usr/share/texlive/texmf-dist/tex/latex/tools/array.sty
Package: array 2019/08/31 v2.4l Tabular extension package (FMi)
\col@sep=\dimen138
\ar@mcellbox=\box50
\extrarowheight=\dimen139
\NC@list=\toks17
\extratabsurround=\skip53
\backup@length=\skip54
\ar@cellbox=\box51
) (/usr/share/texlive/texmf-dist/tex/latex/l3packages/l3keys2e/l3keys2e.sty
Package: l3keys2e 2020-02-14 LaTeX2e option processing using LaTeX3 keys
)
\l__siunitx_tmp_box=\box52
\l__siunitx_tmp_dim=\dimen140
\l__siunitx_tmp_int=\count189
\l__siunitx_number_mantissa_length_int=\count190
\l__siunitx_number_uncert_length_int=\count191
\l__siunitx_round_int=\count192
\l__siunitx_process_decimal_int=\count193
\l__siunitx_process_uncertainty_int=\count194
\l__siunitx_process_fixed_int=\count195
\l__siunitx_process_integer_min_int=\count196
\l__siunitx_process_precision_int=\count197
\l__siunitx_group_min_int=\count198
\l__siunitx_angle_marker_box=\box53
\l__siunitx_angle_unit_box=\box54
\l__siunitx_angle_marker_dim=\dimen141
\l__siunitx_angle_unit_dim=\dimen142
\l__siunitx_unit_int=\count199
\l__siunitx_unit_denominator_int=\count266
\l__siunitx_unit_numerator_int=\count267
\l__siunitx_unit_prefix_int=\count268
\l__siunitx_unit_prefix_base_int=\count269
\l__siunitx_unit_prefix_gram_int=\count270
\l__siunitx_number_product_int=\count271
\c__siunitx_one_fill_skip=\skip55
\l__siunitx_table_unit_align_skip=\skip56
\l__siunitx_table_exponent_dim=\dimen143
\l__siunitx_table_integer_dim=\dimen144
\l__siunitx_table_mantissa_dim=\dimen145
\l__siunitx_table_marker_dim=\dimen146
\l__siunitx_table_result_dim=\dimen147
\l__siunitx_table_uncert_dim=\dimen148
\l__siunitx_table_fill_pre_dim=\dimen149
\l__siunitx_table_fill_post_dim=\dimen150
\l__siunitx_table_fill_mid_dim=\dimen151
\l__siunitx_table_pre_box=\box55
\l__siunitx_table_post_box=\box56
\l__siunitx_table_mantissa_box=\box57
\l__siunitx_table_result_box=\box58
\l__siunitx_table_number_align_skip=\skip57
\l__siunitx_table_text_align_skip=\skip58
 (/usr/share/texlive/texmf-dist/tex/latex/translator/translator.sty
Package: translator 2019-05-31 v1.12a Easy translation of strings in LaTeX
)) (/usr/share/texlive/texmf-dist/tex/latex/graphics/graphicx.sty
Package: graphicx 2019/11/30 v1.2a Enhanced LaTeX Graphics (DPC,SPQR)
 (/usr/share/texlive/texmf-dist/tex/latex/graphics/graphics.sty
Package: graphics 2019/11/30 v1.4a Standard LaTeX Graphics (DPC,SPQR)
 (/usr/share/texlive/texmf-dist/tex/latex/graphics/trig.sty
Package: trig 2016/01/03 v1.10 sin cos tan (DPC)
) (/usr/share/texlive/texmf-dist/tex/latex/graphics-cfg/graphics.cfg
File: graphics.cfg 2016/06/04 v1.11 sample graphics configuration
)
Package graphics Info: Driver file: pdftex.def on input line 105.
 (/usr/share/texlive/texmf-dist/tex/latex/graphics-def/pdftex.def
File: pdftex.def 2018/01/08 v1.0l Graphics/color driver for pdftex
))
\Gin@req@height=\dimen152
\Gin@req@width=\dimen153
) (/usr/share/texlive/texmf-dist/tex/latex/booktabs/booktabs.sty
Package: booktabs 2020/01/12 v1.61803398 Publication quality tables
\heavyrulewidth=\dimen154
\lightrulewidth=\dimen155
\cmidrulewidth=\dimen156
\belowrulesep=\dimen157
\belowbottomsep=\dimen158
\aboverulesep=\dimen159
\abovetopsep=\dimen160
\cmidrulesep=\dimen161
\cmidrulekern=\dimen162
\defaultaddspace=\dimen163
\@cmidla=\count272
\@cmidlb=\count273
\@aboverulesep=\dimen164
\@belowrulesep=\dimen165
\@thisruleclass=\count274
\@lastruleclass=\count275
\@thisrulewidth=\dimen166
) (/usr/share/texlive/texmf-dist/tex/latex/caption/caption.sty
Package: caption 2020/01/03 v3.4h Customizing captions (AR)
 (/usr/share/texlive/texmf-dist/tex/latex/caption/caption3.sty
Package: caption3 2020/01/03 v1.8h caption3 kernel (AR)
Package caption3 Info: TeX engine: e-TeX on input line 61.
\captionmargin=\dimen167
\captionmargin@=\dimen168
\captionwidth=\dimen169
\caption@tempdima=\dimen170
\caption@indent=\dimen171
\caption@parindent=\dimen172
\caption@hangindent=\dimen173
Package caption Info: Standard document class detected.
)
\c@caption@flags=\count276
\c@continuedfloat=\count277
Package caption Info: longtable package is loaded.
 (/usr/share/texlive/texmf-dist/tex/latex/caption/ltcaption.sty
Package: ltcaption 2018/08/26 v1.4a longtable captions (AR)
)) (/usr/share/texlive/texmf-dist/tex/latex/xcolor/xcolor.sty
Package: xcolor 2016/05/11 v2.12 LaTeX color extensions (UK)
 (/usr/share/texlive/texmf-dist/tex/latex/graphics-cfg/color.cfg
File: color.cfg 2016/01/02 v1.6 sample color configuration
)
Package xcolor Info: Driver file: pdftex.def on input line 225.
Package xcolor Info: Model `cmy' substituted by `cmy0' on input line 1348.
Package xcolor Info: Model `hsb' substituted by `rgb' on input line 1352.
Package xcolor Info: Model `RGB' extended on input line 1364.
Package xcolor Info: Model `HTML' substituted by `rgb' on input line 1366.
Package xcolor Info: Model `Hsb' substituted by `hsb' on input line 1367.
Package xcolor Info: Model `tHsb' substituted by `hsb' on input line 1368.
Package xcolor Info: Model `HSB' substituted by `hsb' on input line 1369.
Package xcolor Info: Model `Gray' substituted by `gray' on input line 1370.
Package xcolor Info: Model `wave' substituted by `hsb' on input line 1371.
) (/usr/share/texlive/texmf-dist/tex/latex/geometry/geometry.sty
Package: geometry 2020/01/02 v5.9 Page Geometry
 (/usr/share/texlive/texmf-dist/tex/generic/iftex/ifvtex.sty
Package: ifvtex 2019/10/25 v1.7 ifvtex legacy package. Use iftex instead.
 (/usr/share/texlive/texmf-dist/tex/generic/iftex/iftex.sty
Package: iftex 2019/11/07 v1.0c TeX engine tests
))
\Gm@cnth=\count278
\Gm@cntv=\count279
\c@Gm@tempcnt=\count280
\Gm@bindingoffset=\dimen174
\Gm@wd@mp=\dimen175
\Gm@odd@mp=\dimen176
\Gm@even@mp=\dimen177
\Gm@layoutwidth=\dimen178
\Gm@layoutheight=\dimen179
\Gm@layouthoffset=\dimen180
\Gm@layoutvoffset=\dimen181
\Gm@dimlist=\toks18
) (/usr/share/texlive/texmf-dist/tex/latex/koma-script/scrlayer-scrpage.sty
Package: scrlayer-scrpage 2020/01/24 v3.29 KOMA-Script package (end user interface for scrlayer)
 (/usr/share/texlive/texmf-dist/tex/latex/koma-script/scrlayer.sty
Package: scrlayer 2020/01/24 v3.29 KOMA-Script package (defining layers and page styles)
\footheight=\skip59
Package scrlayer Info: patching LaTeX kernel macro \pagestyle on input line 2106.
)
Package scrbase Info: Unknown processing state.
(scrbase)             Processing option `markcase=used'
(scrbase)             of member `.scrlayer-scrpage.sty' of family
(scrbase)             `KOMA' doesn't set
(scrbase)             a valid state. This will be interpreted
(scrbase)             as \FamilyKeyStateProcessed on input line 724.
)
Package scrlayer-scrpage Info: auto-selection of `pagestyleset=standard'.

1: chapter
1: chapter
1: section
) (/usr/share/texlive/texmf-dist/tex/latex/base/inputenc.sty
Package: inputenc 2018/08/11 v1.3c Input encoding file
\inpenc@prehook=\toks19
\inpenc@posthook=\toks20
) (/usr/share/texlive/texmf-dist/tex/latex/base/fontenc.sty
Package: fontenc 2020/02/11 v2.0o Standard LaTeX package
) (/usr/share/texlive/texmf-dist/tex/latex/psnfss/mathpazo.sty
Package: mathpazo 2005/04/12 PSNFSS-v9.2a Palatino w/ Pazo Math (D.Puga, WaS) 
\symupright=\mathgroup4
) (/usr/share/texlive/texmf-dist/tex/latex/biblatex/biblatex.sty
Package: biblatex 2019/12/01 v3.14 programmable bibliographies (PK/MW)
 (/usr/share/texlive/texmf-dist/tex/latex/pdftexcmds/pdftexcmds.sty
Package: pdftexcmds 2019/11/24 v0.31 Utility functions of pdfTeX for LuaTeX (HO)
 (/usr/share/texlive/texmf-dist/tex/generic/infwarerr/infwarerr.sty
Package: infwarerr 2019/12/03 v1.5 Providing info/warning/error messages (HO)
) (/usr/share/texlive/texmf-dist/tex/generic/ltxcmds/ltxcmds.sty
Package: ltxcmds 2019/12/15 v1.24 LaTeX kernel commands for general use (HO)
)
Package pdftexcmds Info: \pdf@primitive is available.
Package pdftexcmds Info: \pdf@ifprimitive is available.
Package pdftexcmds Info: \pdfdraftmode found.
) (/usr/share/texlive/texmf-dist/tex/latex/kvoptions/kvoptions.sty
Package: kvoptions 2019/11/29 v3.13 Key value format for package options (HO)
 (/usr/share/texlive/texmf-dist/tex/generic/kvsetkeys/kvsetkeys.sty
Package: kvsetkeys 2019/12/15 v1.18 Key value parser (HO)
)) (/usr/share/texlive/texmf-dist/tex/latex/logreq/logreq.sty
Package: logreq 2010/08/04 v1.0 xml request logger
\lrq@indent=\count281
 (/usr/share/texlive/texmf-dist/tex/latex/logreq/logreq.def
File: logreq.def 2010/08/04 v1.0 logreq spec v1.0
)) (/usr/share/texlive/texmf-dist/tex/latex/base/ifthen.sty
Package: ifthen 2014/09/29 v1.1c Standard LaTeX ifthen package (DPC)
) (/usr/share/texlive/texmf-dist/tex/latex/url/url.sty
\Urlmuskip=\muskip16
Package: url 2013/09/16  ver 3.4  Verb mode for urls, etc.
)
\c@tabx@nest=\count282
\c@listtotal=\count283
\c@listcount=\count284
\c@liststart=\count285
\c@liststop=\count286
\c@citecount=\count287
\c@citetotal=\count288
\c@multicitecount=\count289
\c@multicitetotal=\count290
\c@instcount=\count291
\c@maxnames=\count292
\c@minnames=\count293
\c@maxitems=\count294
\c@minitems=\count295
\c@citecounter=\count296
\c@maxcitecounter=\count297
\c@savedcitecounter=\count298
\c@uniquelist=\count299
\c@uniquename=\count300
\c@refsection=\count301
\c@refsegment=\count302
\c@maxextratitle=\count303
\c@maxextratitleyear=\count304
\c@maxextraname=\count305
\c@maxextradate=\count306
\c@maxextraalpha=\count307
\c@abbrvpenalty=\count308
\c@highnamepenalty=\count309
\c@lownamepenalty=\count310
\c@maxparens=\count311
\c@parenlevel=\count312
\blx@tempcnta=\count313
\blx@tempcntb=\count314
\blx@tempcntc=\count315
\blx@maxsection=\count316
\blx@maxsegment@0=\count317
\blx@notetype=\count318
\blx@parenlevel@text=\count319
\blx@parenlevel@foot=\count320
\blx@sectionciteorder@0=\count321
\blx@entrysetcounter=\count322
\labelnumberwidth=\skip60
\labelalphawidth=\skip61
\biblabelsep=\skip62
\bibitemsep=\skip63
\bibnamesep=\skip64
\bibinitsep=\skip65
\bibparsep=\skip66
\bibhang=\skip67
\blx@bcfin=\read3
\blx@bcfout=\write3
\blx@langwohyphens=\language36
\c@mincomprange=\count323
\c@maxcomprange=\count324
\c@mincompwidth=\count325
Package biblatex Info: Trying to load biblatex default data model...
Package biblatex Info: ... file 'blx-dm.def' found.
 (/usr/share/texlive/texmf-dist/tex/latex/biblatex/blx-dm.def
File: blx-dm.def 2019/12/01 v3.14 biblatex localization (PK/MW)
)
Package biblatex Info: Trying to load biblatex style data model...
Package biblatex Info: ... file 'ieee.dbx' not found.
Package biblatex Info: Trying to load biblatex custom data model...
Package biblatex Info: ... file 'biblatex-dm.cfg' not found.
\c@afterword=\count326
\c@savedafterword=\count327
\c@annotator=\count328
\c@savedannotator=\count329
\c@author=\count330
\c@savedauthor=\count331
\c@bookauthor=\count332
\c@savedbookauthor=\count333
\c@commentator=\count334
\c@savedcommentator=\count335
\c@editor=\count336
\c@savededitor=\count337
\c@editora=\count338
\c@savededitora=\count339
\c@editorb=\count340
\c@savededitorb=\count341
\c@editorc=\count342
\c@savededitorc=\count343
\c@foreword=\count344
\c@savedforeword=\count345
\c@holder=\count346
\c@savedholder=\count347
\c@introduction=\count348
\c@savedintroduction=\count349
\c@namea=\count350
\c@savednamea=\count351
\c@nameb=\count352
\c@savednameb=\count353
\c@namec=\count354
\c@savednamec=\count355
\c@translator=\count356
\c@savedtranslator=\count357
\c@shortauthor=\count358
\c@savedshortauthor=\count359
\c@shorteditor=\count360
\c@savedshorteditor=\count361
\c@labelname=\count362
\c@savedlabelname=\count363
\c@institution=\count364
\c@savedinstitution=\count365
\c@lista=\count366
\c@savedlista=\count367
\c@listb=\count368
\c@savedlistb=\count369
\c@listc=\count370
\c@savedlistc=\count371
\c@listd=\count372
\c@savedlistd=\count373
\c@liste=\count374
\c@savedliste=\count375
\c@listf=\count376
\c@savedlistf=\count377
\c@location=\count378
\c@savedlocation=\count379
\c@organization=\count380
\c@savedorganization=\count381
\c@origlocation=\count382
\c@savedoriglocation=\count383
\c@origpublisher=\count384
\c@savedorigpublisher=\count385
\c@publisher=\count386
\c@savedpublisher=\count387
\c@language=\count388
\c@savedlanguage=\count389
\c@origlanguage=\count390
\c@savedoriglanguage=\count391
\c@pageref=\count392
\c@savedpageref=\count393
\shorthandwidth=\skip68
\shortjournalwidth=\skip69
\shortserieswidth=\skip70
\shorttitlewidth=\skip71
\shortauthorwidth=\skip72
\shorteditorwidth=\skip73
\locallabelnumberwidth=\skip74
\locallabelalphawidth=\skip75
\localshorthandwidth=\skip76
\localshortjournalwidth=\skip77
\localshortserieswidth=\skip78
\localshorttitlewidth=\skip79
\localshortauthorwidth=\skip80
\localshorteditorwidth=\skip81
Package biblatex Info: Trying to load compatibility code...
Package biblatex Info: ... file 'blx-compat.def' found.
 (/usr/share/texlive/texmf-dist/tex/latex/biblatex/blx-compat.def
File: blx-compat.def 2019/12/01 v3.14 biblatex compatibility (PK/MW)
)
Package biblatex Info: Trying to load BibTeX backend compatibility...
Package biblatex Info: ... file 'blx-bibtex.def' found.
 (/usr/share/texlive/texmf-dist/tex/latex/biblatex/blx-bibtex.def
File: blx-bibtex.def 2019/12/01 v3.14 biblatex compatibility (PK/MW)


Package biblatex Warning: Using fall-back BibTeX(8) backend:
(biblatex)                functionality may be reduced/unavailable.

)
Package biblatex Info: Trying to load generic definitions...
Package biblatex Info: ... file 'biblatex.def' found.
 (/usr/share/texlive/texmf-dist/tex/latex/biblatex/biblatex.def
File: biblatex.def 2019/12/01 v3.14 biblatex compatibility (PK/MW)
\c@textcitecount=\count394
\c@textcitetotal=\count395
\c@textcitemaxnames=\count396
\c@biburlbigbreakpenalty=\count397
\c@biburlbreakpenalty=\count398
\c@biburlnumpenalty=\count399
\c@biburlucpenalty=\count400
\c@biburllcpenalty=\count401
\biburlbigskip=\muskip17
\biburlnumskip=\muskip18
\biburlucskip=\muskip19
\biburllcskip=\muskip20
\c@smartand=\count402
)
Package biblatex Info: Trying to load natbib compatibility...
Package biblatex Info: ... file 'blx-natbib.def' found.
 (/usr/share/texlive/texmf-dist/tex/latex/biblatex/blx-natbib.def
File: blx-natbib.def 2019/12/01 v3.14 biblatex compatibility (PK/MW)
Package biblatex Info: Delimiter 'nameyeardelim' in context '' already defined, overwriting.
)
Package biblatex Info: Trying to load bibliography style 'ieee'...
Package biblatex Info: ... file 'ieee.bbx' found.
 (/usr/share/texlive/texmf-dist/tex/latex/biblatex-ieee/ieee.bbx
File: ieee.bbx 2019/06/19 v1.3a biblatex bibliography style
Package biblatex Info: Trying to load bibliography style 'numeric-comp'...
Package biblatex Info: ... file 'numeric-comp.bbx' found.
 (/usr/share/texlive/texmf-dist/tex/latex/biblatex/bbx/numeric-comp.bbx
File: numeric-comp.bbx 2019/12/01 v3.14 biblatex bibliography style (PK/MW)
Package biblatex Info: Trying to load bibliography style 'numeric'...
Package biblatex Info: ... file 'numeric.bbx' found.
 (/usr/share/texlive/texmf-dist/tex/latex/biblatex/bbx/numeric.bbx
File: numeric.bbx 2019/12/01 v3.14 biblatex bibliography style (PK/MW)
Package biblatex Info: Trying to load bibliography style 'standard'...
Package biblatex Info: ... file 'standard.bbx' found.
 (/usr/share/texlive/texmf-dist/tex/latex/biblatex/bbx/standard.bbx
File: standard.bbx 2019/12/01 v3.14 biblatex bibliography style (PK/MW)
\c@bbx:relatedcount=\count403
\c@bbx:relatedtotal=\count404
))))
Package biblatex Info: Trying to load citation style 'ieee'...
Package biblatex Info: ... file 'ieee.cbx' found.
 (/usr/share/texlive/texmf-dist/tex/latex/biblatex-ieee/ieee.cbx
File: ieee.cbx 2019/06/19 v1.3a biblatex citation style
Package biblatex Info: Trying to load citation style 'numeric-comp'...
Package biblatex Info: ... file 'numeric-comp.cbx' found.
 (/usr/share/texlive/texmf-dist/tex/latex/biblatex/cbx/numeric-comp.cbx
File: numeric-comp.cbx 2019/12/01 v3.14 biblatex citation style (PK/MW)
\c@cbx@tempcnta=\count405
\c@cbx@tempcntb=\count406
Package biblatex Info: Redefining '\cite'.
Package biblatex Info: Redefining '\parencite'.
Package biblatex Info: Redefining '\footcite'.
Package biblatex Info: Redefining '\footcitetext'.
Package biblatex Info: Redefining '\smartcite'.
Package biblatex Info: Redefining '\supercite'.
Package biblatex Info: Redefining '\textcite'.
Package biblatex Info: Redefining '\textcites'.
Package biblatex Info: Redefining '\cites'.
Package biblatex Info: Redefining '\parencites'.
Package biblatex Info: Redefining '\smartcites'.
)
Package biblatex Info: Redefining '\cite'.
Package biblatex Info: Redefining '\cites'.
)
Package biblatex Info: Trying to load configuration file...
Package biblatex Info: ... file 'biblatex.cfg' found.
 (/usr/share/texlive/texmf-dist/tex/latex/biblatex/biblatex.cfg
File: biblatex.cfg 
)) (/usr/share/texlive/texmf-dist/tex/latex/csquotes/csquotes.sty
Package: csquotes 2019-12-06 v5.2j context-sensitive quotations (JAW)
\csq@reset=\count407
\csq@gtype=\count408
\csq@glevel=\count409
\csq@qlevel=\count410
\csq@maxlvl=\count411
\csq@tshold=\count412
\csq@ltx@everypar=\toks21
 (/usr/share/texlive/texmf-dist/tex/latex/csquotes/csquotes.def
File: csquotes.def 2019-12-06 v5.2j csquotes generic definitions (JAW)
)
Package csquotes Info: Trying to load configuration file 'csquotes.cfg'...
Package csquotes Info: ... configuration file loaded successfully.
 (/usr/share/texlive/texmf-dist/tex/latex/csquotes/csquotes.cfg
File: csquotes.cfg 
)
Package csquotes Info: Enabling multilingual quotes.
) (/usr/share/texlive/texmf-dist/tex/latex/base/textcomp.sty
Package: textcomp 2020/02/02 v2.0n Standard LaTeX package
) (/usr/share/texlive/texmf-dist/tex/latex/adjustbox/adjustbox.sty
Package: adjustbox 2019/01/04 v1.2 Adjusting TeX boxes (trim, clip, ...)
 (/usr/share/texlive/texmf-dist/tex/latex/xkeyval/xkeyval.sty
Package: xkeyval 2014/12/03 v2.7a package option processing (HA)
 (/usr/share/texlive/texmf-dist/tex/generic/xkeyval/xkeyval.tex (/usr/share/texlive/texmf-dist/tex/generic/xkeyval/xkvutils.tex
\XKV@toks=\toks22
\XKV@tempa@toks=\toks23
)
\XKV@depth=\count413
File: xkeyval.tex 2014/12/03 v2.7a key=value parser (HA)
)) (/usr/share/texlive/texmf-dist/tex/latex/adjustbox/adjcalc.sty
Package: adjcalc 2012/05/16 v1.1 Provides advanced setlength with multiple back-ends (calc, etex, pgfmath)
) (/usr/share/texlive/texmf-dist/tex/latex/adjustbox/trimclip.sty
Package: trimclip 2018/04/08 v1.1 Trim and clip general TeX material
 (/usr/share/texlive/texmf-dist/tex/latex/collectbox/collectbox.sty
Package: collectbox 2012/05/17 v0.4b Collect macro arguments as boxes
\collectedbox=\box59
)
\tc@llx=\dimen182
\tc@lly=\dimen183
\tc@urx=\dimen184
\tc@ury=\dimen185
Package trimclip Info: Using driver 'tc-pdftex.def'.
 (/usr/share/texlive/texmf-dist/tex/latex/adjustbox/tc-pdftex.def
File: tc-pdftex.def 2019/01/04 v2.2 Clipping driver for pdftex
))
\adjbox@Width=\dimen186
\adjbox@Height=\dimen187
\adjbox@Depth=\dimen188
\adjbox@Totalheight=\dimen189
\adjbox@pwidth=\dimen190
\adjbox@pheight=\dimen191
\adjbox@pdepth=\dimen192
\adjbox@ptotalheight=\dimen193
 (/usr/share/texlive/texmf-dist/tex/latex/ifoddpage/ifoddpage.sty
Package: ifoddpage 2016/04/23 v1.1 Conditionals for odd/even page detection
\c@checkoddpage=\count414
) (/usr/share/texlive/texmf-dist/tex/latex/varwidth/varwidth.sty
Package: varwidth 2009/03/30 ver 0.92;  Variable-width minipages
\@vwid@box=\box60
\sift@deathcycles=\count415
\@vwid@loff=\dimen194
\@vwid@roff=\dimen195
)) (/usr/share/texmf/tex/latex/CJK/CJKutf8.sty
Package: CJKutf8 2015/04/18 4.8.4
 (/usr/share/texlive/texmf-dist/tex/generic/iftex/ifpdf.sty
Package: ifpdf 2019/10/25 v3.4 ifpdf legacy package. Use iftex instead.
) (/usr/share/texmf/tex/latex/CJK/CJK.sty
Package: CJK 2015/04/18 4.8.4
 (/usr/share/texmf/tex/latex/CJK/mule/MULEenc.sty
Package: MULEenc 2015/04/18 4.8.4
) (/usr/share/texmf/tex/latex/CJK/CJK.enc
File: CJK.enc 2015/04/18 4.8.4
Now handling font encoding C00 ...
... no UTF-8 mapping file for font encoding C00
Now handling font encoding C05 ...
... no UTF-8 mapping file for font encoding C05
Now handling font encoding C09 ...
... no UTF-8 mapping file for font encoding C09
Now handling font encoding C10 ...
... no UTF-8 mapping file for font encoding C10
Now handling font encoding C20 ...
... no UTF-8 mapping file for font encoding C20
Now handling font encoding C19 ...
... no UTF-8 mapping file for font encoding C19
Now handling font encoding C40 ...
... no UTF-8 mapping file for font encoding C40
Now handling font encoding C42 ...
... no UTF-8 mapping file for font encoding C42
Now handling font encoding C43 ...
... no UTF-8 mapping file for font encoding C43
Now handling font encoding C50 ...
... no UTF-8 mapping file for font encoding C50
Now handling font encoding C52 ...
... no UTF-8 mapping file for font encoding C52
Now handling font encoding C49 ...
... no UTF-8 mapping file for font encoding C49
Now handling font encoding C60 ...
... no UTF-8 mapping file for font encoding C60
Now handling font encoding C61 ...
... no UTF-8 mapping file for font encoding C61
Now handling font encoding C63 ...
... no UTF-8 mapping file for font encoding C63
Now handling font encoding C64 ...
... no UTF-8 mapping file for font encoding C64
Now handling font encoding C65 ...
... no UTF-8 mapping file for font encoding C65
Now handling font encoding C70 ...
... no UTF-8 mapping file for font encoding C70
Now handling font encoding C31 ...
... no UTF-8 mapping file for font encoding C31
Now handling font encoding C32 ...
... no UTF-8 mapping file for font encoding C32
Now handling font encoding C33 ...
... no UTF-8 mapping file for font encoding C33
Now handling font encoding C34 ...
... no UTF-8 mapping file for font encoding C34
Now handling font encoding C35 ...
... no UTF-8 mapping file for font encoding C35
Now handling font encoding C36 ...
... no UTF-8 mapping file for font encoding C36
Now handling font encoding C37 ...
... no UTF-8 mapping file for font encoding C37
Now handling font encoding C80 ...
... no UTF-8 mapping file for font encoding C80
Now handling font encoding C81 ...
... no UTF-8 mapping file for font encoding C81
Now handling font encoding C01 ...
... no UTF-8 mapping file for font encoding C01
Now handling font encoding C11 ...
... no UTF-8 mapping file for font encoding C11
Now handling font encoding C21 ...
... no UTF-8 mapping file for font encoding C21
Now handling font encoding C41 ...
... no UTF-8 mapping file for font encoding C41
Now handling font encoding C62 ...
... no UTF-8 mapping file for font encoding C62
)
LaTeX Info: Redefining \selectfont on input line 755.
\CJK@indent=\box61
) (/usr/share/texlive/texmf-dist/tex/latex/base/fontenc.sty
Package: fontenc 2020/02/11 v2.0o Standard LaTeX package
LaTeX Font Info:    Trying to load font information for T1+ppl on input line 112.
 (/usr/share/texlive/texmf-dist/tex/latex/psnfss/t1ppl.fd
File: t1ppl.fd 2001/06/04 font definitions for T1/ppl.
))) (/usr/share/texlive/texmf-dist/tex/latex/eso-pic/eso-pic.sty
Package: eso-pic 2018/04/12 v2.0h eso-pic (RN)
 (/usr/share/texlive/texmf-dist/tex/generic/atbegshi/atbegshi.sty
Package: atbegshi 2019/12/05 v1.19 At begin shipout hook (HO)
)) (/usr/share/texlive/texmf-dist/tex/latex/transparent/transparent.sty
Package: transparent 2019/11/29 v1.4 Transparency via pdfTeX's color stack (HO)
 (/usr/share/texlive/texmf-dist/tex/latex/auxhook/auxhook.sty
Package: auxhook 2019-12-17 v1.6 Hooks for auxiliary files (HO)
)) (/usr/share/texlive/texmf-dist/tex/latex/picture/picture.sty
Package: picture 2019/12/09 v1.5 Dimens for picture macros (HO)
Package picture Info: Calculation method: etex.
) (/usr/share/texlive/texmf-dist/tex/latex/amsmath/amsmath.sty
Package: amsmath 2020/01/20 v2.17e AMS math features
\@mathmargin=\skip82

For additional information on amsmath, use the `?' option.
(/usr/share/texlive/texmf-dist/tex/latex/amsmath/amsbsy.sty
Package: amsbsy 1999/11/29 v1.2d Bold Symbols
\pmbraise@=\dimen196
) (/usr/share/texlive/texmf-dist/tex/latex/amsmath/amsopn.sty
Package: amsopn 2016/03/08 v2.02 operator names
)
\inf@bad=\count416
LaTeX Info: Redefining \frac on input line 227.
\uproot@=\count417
\leftroot@=\count418
LaTeX Info: Redefining \overline on input line 389.
\classnum@=\count419
\DOTSCASE@=\count420
LaTeX Info: Redefining \ldots on input line 486.
LaTeX Info: Redefining \dots on input line 489.
LaTeX Info: Redefining \cdots on input line 610.
\Mathstrutbox@=\box62
\strutbox@=\box63
\big@size=\dimen197
LaTeX Font Info:    Redeclaring font encoding OML on input line 733.
LaTeX Font Info:    Redeclaring font encoding OMS on input line 734.
\macc@depth=\count421
\c@MaxMatrixCols=\count422
\dotsspace@=\muskip21
\c@parentequation=\count423
\dspbrk@lvl=\count424
\tag@help=\toks24
\row@=\count425
\column@=\count426
\maxfields@=\count427
\andhelp@=\toks25
\eqnshift@=\dimen198
\alignsep@=\dimen199
\tagshift@=\dimen256
\tagwidth@=\dimen257
\totwidth@=\dimen258
\lineht@=\dimen259
\@envbody=\toks26
\multlinegap=\skip83
\multlinetaggap=\skip84
\mathdisplay@stack=\toks27
LaTeX Info: Redefining \[ on input line 2859.
LaTeX Info: Redefining \] on input line 2860.
) (/usr/share/texlive/texmf-dist/tex/latex/hyperref/hyperref.sty
Package: hyperref 2020/01/14 v7.00d Hypertext links for LaTeX
 (/usr/share/texlive/texmf-dist/tex/generic/kvdefinekeys/kvdefinekeys.sty
Package: kvdefinekeys 2019-12-19 v1.6 Define keys (HO)
) (/usr/share/texlive/texmf-dist/tex/generic/pdfescape/pdfescape.sty
Package: pdfescape 2019/12/09 v1.15 Implements pdfTeX's escape features (HO)
) (/usr/share/texlive/texmf-dist/tex/latex/hycolor/hycolor.sty
Package: hycolor 2020-01-27 v1.10 Color options for hyperref/bookmark (HO)
) (/usr/share/texlive/texmf-dist/tex/latex/letltxmacro/letltxmacro.sty
Package: letltxmacro 2019/12/03 v1.6 Let assignment for LaTeX macros (HO)
)
\@linkdim=\dimen260
\Hy@linkcounter=\count428
\Hy@pagecounter=\count429
 (/usr/share/texlive/texmf-dist/tex/latex/hyperref/pd1enc.def
File: pd1enc.def 2020/01/14 v7.00d Hyperref: PDFDocEncoding definition (HO)
Now handling font encoding PD1 ...
... no UTF-8 mapping file for font encoding PD1
) (/usr/share/texlive/texmf-dist/tex/generic/intcalc/intcalc.sty
Package: intcalc 2019/12/15 v1.3 Expandable calculations with integers (HO)
) (/usr/share/texlive/texmf-dist/tex/generic/etexcmds/etexcmds.sty
Package: etexcmds 2019/12/15 v1.7 Avoid name clashes with e-TeX commands (HO)
)
\Hy@SavedSpaceFactor=\count430
\pdfmajorversion=\count431
Package hyperref Info: Hyper figures OFF on input line 4547.
Package hyperref Info: Link nesting OFF on input line 4552.
Package hyperref Info: Hyper index ON on input line 4555.
Package hyperref Info: Plain pages OFF on input line 4562.
Package hyperref Info: Backreferencing OFF on input line 4567.
Package hyperref Info: Implicit mode ON; LaTeX internals redefined.
Package hyperref Info: Bookmarks ON on input line 4800.
\c@Hy@tempcnt=\count432
LaTeX Info: Redefining \url on input line 5159.
\XeTeXLinkMargin=\dimen261
 (/usr/share/texlive/texmf-dist/tex/generic/bitset/bitset.sty
Package: bitset 2019/12/09 v1.3 Handle bit-vector datatype (HO)
 (/usr/share/texlive/texmf-dist/tex/generic/bigintcalc/bigintcalc.sty
Package: bigintcalc 2019/12/15 v1.5 Expandable calculations on big integers (HO)
))
\Fld@menulength=\count433
\Field@Width=\dimen262
\Fld@charsize=\dimen263
Package hyperref Info: Hyper figures OFF on input line 6430.
Package hyperref Info: Link nesting OFF on input line 6435.
Package hyperref Info: Hyper index ON on input line 6438.
Package hyperref Info: backreferencing OFF on input line 6445.
Package hyperref Info: Link coloring OFF on input line 6450.
Package hyperref Info: Link coloring with OCG OFF on input line 6455.
Package hyperref Info: PDF/A mode OFF on input line 6460.
LaTeX Info: Redefining \ref on input line 6500.
LaTeX Info: Redefining \pageref on input line 6504.
\Hy@abspage=\count434
\c@Item=\count435
\c@Hfootnote=\count436
)
Package scrhack Info: hyperref hack deactivated because of
(scrhack)             detection of hyperref version, that doesn't
(scrhack)             need that hack, on input line 121.
Package hyperref Info: Driver (autodetected): hpdftex.
 (/usr/share/texlive/texmf-dist/tex/latex/hyperref/hpdftex.def
File: hpdftex.def 2020/01/14 v7.00d Hyperref driver for pdfTeX
 (/usr/share/texlive/texmf-dist/tex/latex/atveryend/atveryend.sty
Package: atveryend 2019-12-11 v1.11 Hooks at the very end of document (HO)
)
\Fld@listcount=\count437
\c@bookmark@seq@number=\count438
 (/usr/share/texlive/texmf-dist/tex/latex/rerunfilecheck/rerunfilecheck.sty
Package: rerunfilecheck 2019/12/05 v1.9 Rerun checks for auxiliary files (HO)
 (/usr/share/texlive/texmf-dist/tex/generic/uniquecounter/uniquecounter.sty
Package: uniquecounter 2019/12/15 v1.4 Provide unlimited unique counter (HO)
)
Package uniquecounter Info: New unique counter `rerunfilecheck' on input line 286.
)
\Hy@SectionHShift=\skip85
)
Package hyperref Info: Option `bookmarksopen' set `true' on input line 121.
Package hyperref Info: Option `hypertexnames' set `false' on input line 121.
Package hyperref Info: Option `colorlinks' set `true' on input line 121.
Package hyperref Info: Option `unicode' set `true' on input line 121.
 (/usr/share/texlive/texmf-dist/tex/latex/hyperref/puenc.def
File: puenc.def 2020/01/14 v7.00d Hyperref: PDF Unicode definition (HO)
Now handling font encoding PU ...
... no UTF-8 mapping file for font encoding PU
)
Package hyperref Info: Option `breaklinks' set `true' on input line 121.
Package csquotes Info: Checking for multilingual support...
Package csquotes Info: ... found 'babel' package.
 (/home/fm/drone_racing_ws/catkin_ddr/src/forgetful_drones/docs/THU/thesis_proposal/main.aux (/home/fm/drone_racing_ws/catkin_ddr/src/forgetful_drones/docs/THU/thesis_proposal/Chapters/Chapter1.aux) (/home/fm/drone_racing_ws/catkin_ddr/src/forgetful_drones/docs/THU/thesis_proposal/Chapters/Chapter2.aux) (/home/fm/drone_racing_ws/catkin_ddr/src/forgetful_drones/docs/THU/thesis_proposal/Chapters/Chapter3.aux) (/home/fm/drone_racing_ws/catkin_ddr/src/forgetful_drones/docs/THU/thesis_proposal/Appendices/AppendixA.aux) (/home/fm/drone_racing_ws/catkin_ddr/src/forgetful_drones/docs/THU/thesis_proposal/Appendices/AppendixB.aux) (/home/fm/drone_racing_ws/catkin_ddr/src/forgetful_drones/docs/THU/thesis_proposal/Appendices/AppendixC.aux))
\openout1 = `main.aux'.

LaTeX Font Info:    Checking defaults for OML/cmm/m/it on input line 121.
LaTeX Font Info:    ... okay on input line 121.
LaTeX Font Info:    Checking defaults for OMS/cmsy/m/n on input line 121.
LaTeX Font Info:    ... okay on input line 121.
LaTeX Font Info:    Checking defaults for OT1/cmr/m/n on input line 121.
LaTeX Font Info:    ... okay on input line 121.
LaTeX Font Info:    Checking defaults for T1/cmr/m/n on input line 121.
LaTeX Font Info:    ... okay on input line 121.
LaTeX Font Info:    Checking defaults for TS1/cmr/m/n on input line 121.
LaTeX Font Info:    ... okay on input line 121.
LaTeX Font Info:    Checking defaults for OMX/cmex/m/n on input line 121.
LaTeX Font Info:    ... okay on input line 121.
LaTeX Font Info:    Checking defaults for U/cmr/m/n on input line 121.
LaTeX Font Info:    ... okay on input line 121.
LaTeX Font Info:    Checking defaults for C00/song/m/n on input line 121.
LaTeX Font Info:    ... okay on input line 121.
LaTeX Font Info:    Checking defaults for C05/song/m/n on input line 121.
LaTeX Font Info:    ... okay on input line 121.
LaTeX Font Info:    Checking defaults for C09/song/m/n on input line 121.
LaTeX Font Info:    ... okay on input line 121.
LaTeX Font Info:    Checking defaults for C10/song/m/n on input line 121.
LaTeX Font Info:    ... okay on input line 121.
LaTeX Font Info:    Checking defaults for C20/song/m/n on input line 121.
LaTeX Font Info:    ... okay on input line 121.
LaTeX Font Info:    Checking defaults for C19/song/m/n on input line 121.
LaTeX Font Info:    ... okay on input line 121.
LaTeX Font Info:    Checking defaults for C40/song/m/n on input line 121.
LaTeX Font Info:    ... okay on input line 121.
LaTeX Font Info:    Checking defaults for C42/song/m/n on input line 121.
LaTeX Font Info:    ... okay on input line 121.
LaTeX Font Info:    Checking defaults for C43/song/m/n on input line 121.
LaTeX Font Info:    ... okay on input line 121.
LaTeX Font Info:    Checking defaults for C50/song/m/n on input line 121.
LaTeX Font Info:    ... okay on input line 121.
LaTeX Font Info:    Checking defaults for C52/song/m/n on input line 121.
LaTeX Font Info:    ... okay on input line 121.
LaTeX Font Info:    Checking defaults for C49/song/m/n on input line 121.
LaTeX Font Info:    ... okay on input line 121.
LaTeX Font Info:    Checking defaults for C60/mj/m/n on input line 121.
LaTeX Font Info:    ... okay on input line 121.
LaTeX Font Info:    Checking defaults for C61/mj/m/n on input line 121.
LaTeX Font Info:    ... okay on input line 121.
LaTeX Font Info:    Checking defaults for C63/mj/m/n on input line 121.
LaTeX Font Info:    ... okay on input line 121.
LaTeX Font Info:    Checking defaults for C64/mj/m/n on input line 121.
LaTeX Font Info:    ... okay on input line 121.
LaTeX Font Info:    Checking defaults for C65/mj/m/n on input line 121.
LaTeX Font Info:    ... okay on input line 121.
LaTeX Font Info:    Checking defaults for C70/song/m/n on input line 121.
LaTeX Font Info:    ... okay on input line 121.
LaTeX Font Info:    Checking defaults for C31/song/m/n on input line 121.
LaTeX Font Info:    ... okay on input line 121.
LaTeX Font Info:    Checking defaults for C32/song/m/n on input line 121.
LaTeX Font Info:    ... okay on input line 121.
LaTeX Font Info:    Checking defaults for C33/song/m/n on input line 121.
LaTeX Font Info:    ... okay on input line 121.
LaTeX Font Info:    Checking defaults for C34/song/m/n on input line 121.
LaTeX Font Info:    ... okay on input line 121.
LaTeX Font Info:    Checking defaults for C35/song/m/n on input line 121.
LaTeX Font Info:    ... okay on input line 121.
LaTeX Font Info:    Checking defaults for C36/song/m/n on input line 121.
LaTeX Font Info:    ... okay on input line 121.
LaTeX Font Info:    Checking defaults for C37/song/m/n on input line 121.
LaTeX Font Info:    ... okay on input line 121.
LaTeX Font Info:    Checking defaults for C80/song/m/n on input line 121.
LaTeX Font Info:    ... okay on input line 121.
LaTeX Font Info:    Checking defaults for C81/song/m/n on input line 121.
LaTeX Font Info:    ... okay on input line 121.
LaTeX Font Info:    Checking defaults for C01/song/m/n on input line 121.
LaTeX Font Info:    ... okay on input line 121.
LaTeX Font Info:    Checking defaults for C11/song/m/n on input line 121.
LaTeX Font Info:    ... okay on input line 121.
LaTeX Font Info:    Checking defaults for C21/song/m/n on input line 121.
LaTeX Font Info:    ... okay on input line 121.
LaTeX Font Info:    Checking defaults for C41/song/m/n on input line 121.
LaTeX Font Info:    ... okay on input line 121.
LaTeX Font Info:    Checking defaults for C62/song/m/n on input line 121.
LaTeX Font Info:    ... okay on input line 121.
LaTeX Font Info:    Checking defaults for PD1/pdf/m/n on input line 121.
LaTeX Font Info:    ... okay on input line 121.
LaTeX Font Info:    Checking defaults for PU/pdf/m/n on input line 121.
LaTeX Font Info:    ... okay on input line 121.
 (/usr/share/texlive/texmf-dist/tex/latex/translator/translator-basic-dictionary-English.dict
Dictionary: translator-basic-dictionary, Language: English 
) (/usr/share/texlive/texmf-dist/tex/latex/siunitx/siunitx-abbreviations.cfg
File: siunitx-abbreviations.cfg 2017/11/26 v2.7k siunitx: Abbreviated units
) (/usr/share/texlive/texmf-dist/tex/context/base/mkii/supp-pdf.mkii
[Loading MPS to PDF converter (version 2006.09.02).]
\scratchcounter=\count439
\scratchdimen=\dimen264
\scratchbox=\box64
\nofMPsegments=\count440
\nofMParguments=\count441
\everyMPshowfont=\toks28
\MPscratchCnt=\count442
\MPscratchDim=\dimen265
\MPnumerator=\count443
\makeMPintoPDFobject=\count444
\everyMPtoPDFconversion=\toks29
) (/usr/share/texlive/texmf-dist/tex/latex/epstopdf-pkg/epstopdf-base.sty
Package: epstopdf-base 2020-01-24 v2.11 Base part for package epstopdf
Package epstopdf-base Info: Redefining graphics rule for `.eps' on input line 485.
 (/usr/share/texlive/texmf-dist/tex/latex/latexconfig/epstopdf-sys.cfg
File: epstopdf-sys.cfg 2010/07/13 v1.3 Configuration of (r)epstopdf for TeX Live
))
Package caption Info: Begin \AtBeginDocument code.
Package caption Info: hyperref package is loaded.
Package caption Info: End \AtBeginDocument code.

*geometry* driver: auto-detecting
*geometry* detected driver: pdftex
*geometry* verbose mode - [ preamble ] result:
* driver: pdftex
* paper: a4paper
* layout: <same size as paper>
* layoutoffset:(h,v)=(0.0pt,0.0pt)
* bindingoffset: 14.22636pt
* modes: includehead includefoot twoside 
* h-part:(L,W,R)=(71.13188pt, 404.02908pt, 108.12054pt)
* v-part:(T,H,B)=(42.67912pt, 759.6886pt, 42.67912pt)
* \paperwidth=597.50787pt
* \paperheight=845.04684pt
* \textwidth=404.02908pt
* \textheight=691.80992pt
* \oddsidemargin=13.08826pt
* \evensidemargin=35.85056pt
* \topmargin=-29.59087pt
* \headheight=20.54193pt
* \headsep=19.8738pt
* \topskip=11.0pt
* \footskip=27.46295pt
* \marginparwidth=116.0pt
* \marginparsep=7.0pt
* \columnsep=10.0pt
* \skip\footins=10.0pt plus 4.0pt minus 2.0pt
* \hoffset=0.0pt
* \voffset=0.0pt
* \mag=1000
* \@twocolumnfalse
* \@twosidetrue
* \@mparswitchtrue
* \@reversemarginfalse
* (1in=72.27pt=25.4mm, 1cm=28.453pt)

Package scrlayer Info: Setting magic \footheight to \baselineskip while
(scrlayer)             \begin{document} on input line 121.
Package scrbase Info: activating english \abbrevname on input line 121.
Package scrbase Info: activating english \byname on input line 121.
Package scrbase Info: activating english \acknowledgementname on input line 121.
Package scrbase Info: activating english \authorshipname on input line 121.
Package scrbase Info: activating english \constantsname on input line 121.
Package scrbase Info: activating english \symbolsname on input line 121.
Package biblatex Info: Trying to load language 'english'...
Package biblatex Info: ... file 'english.lbx' found.
(/usr/share/texlive/texmf-dist/tex/latex/biblatex/lbx/english.lbx
File: english.lbx 2019/12/01 v3.14 biblatex localization (PK/MW)
)
Package biblatex Info: Input encoding 'utf8' detected.
Package biblatex Info: Automatic encoding selection.
(biblatex)             Assuming data encoding 'utf8'.
Package biblatex Info: Input encoding 'utf8' specified.
Package biblatex Info: Data encoding 'utf8' specified.
(biblatex)             No need to reencode data.
\openout3 = `main-blx.bib'.

Package biblatex Info: Trying to load bibliographic data...
Package biblatex Info: ... file 'main.bbl' found.
 (/home/fm/drone_racing_ws/catkin_ddr/src/forgetful_drones/docs/THU/thesis_proposal/main.bbl

Package biblatex Warning: BibTeX reported the following issues
(biblatex)                with 'PwC2016':
(biblatex)                - Can't use 'date' + 'month' 
(biblatex)                - Can't use 'date' + 'year'.


Package biblatex Warning: BibTeX reported the following issues
(biblatex)                with 'Fahlstrom2012':
(biblatex)                - Can't use 'date' + 'year'.


Package biblatex Warning: BibTeX reported the following issues
(biblatex)                with 'Chao2010':
(biblatex)                - Invalid format of field 'month'.


Package biblatex Warning: BibTeX reported the following issues
(biblatex)                with 'Kong2010':
(biblatex)                - Invalid format of field 'month'.


Package biblatex Warning: BibTeX reported the following issues
(biblatex)                with 'Watts2012':
(biblatex)                - Invalid format of field 'month'.


Package biblatex Warning: BibTeX reported the following issues
(biblatex)                with 'Sifton2012':
(biblatex)                - Can't use 'date' + 'year'.


Package biblatex Warning: BibTeX reported the following issues
(biblatex)                with 'Weinswig2015':
(biblatex)                - Can't use 'date' + 'year'.


Package biblatex Warning: BibTeX reported the following issues
(biblatex)                with 'Desjardins2016':
(biblatex)                - Can't use 'date' + 'year'.


Package biblatex Warning: BibTeX reported the following issues
(biblatex)                with 'Lei2019':
(biblatex)                - Can't use 'date' + 'year'.


Package biblatex Warning: BibTeX reported the following issues
(biblatex)                with 'Xiang2019':
(biblatex)                - Can't use 'date' + 'year'.


Package biblatex Warning: BibTeX reported the following issues
(biblatex)                with 'McCarthy2018':
(biblatex)                - Can't use 'date' + 'year'.


Package biblatex Warning: BibTeX reported the following issues
(biblatex)                with 'PeoplesDaily2019':
(biblatex)                - Can't use 'date' + 'year'.


Package biblatex Warning: BibTeX reported the following issues
(biblatex)                with 'NationalAcademies2016':
(biblatex)                - Invalid format of field 'month'.


Package biblatex Warning: BibTeX reported the following issues
(biblatex)                with 'Ahirwar2019':
(biblatex)                - Invalid format of field 'month'.


Package biblatex Warning: BibTeX reported the following issues
(biblatex)                with 'eMarketer2019':
(biblatex)                - Can't use 'date' + 'year'.


Package biblatex Warning: BibTeX reported the following issues
(biblatex)                with 'Rosen2019':
(biblatex)                - Can't use 'date' + 'year'.


Package biblatex Warning: BibTeX reported the following issues
(biblatex)                with 'Jacobs2019':
(biblatex)                - Can't use 'date' + 'year'.


Package biblatex Warning: BibTeX reported the following issues
(biblatex)                with 'Dolan2018':
(biblatex)                - Can't use 'date' + 'year'.


Package biblatex Warning: BibTeX reported the following issues
(biblatex)                with 'Kim2016':
(biblatex)                - Can't use 'date' + 'year'.


Package biblatex Warning: BibTeX reported the following issues
(biblatex)                with 'Chiang2019':
(biblatex)                - Invalid format of field 'month'.


Package biblatex Warning: BibTeX reported the following issues
(biblatex)                with 'Lee2017':
(biblatex)                - Invalid format of field 'month'.


Package biblatex Warning: BibTeX reported the following issues
(biblatex)                with 'Deutschlandfunk2017':
(biblatex)                - Can't use 'date' + 'year'.


Package biblatex Warning: BibTeX reported the following issues
(biblatex)                with 'EEA2019':
(biblatex)                - Can't use 'date' + 'year'.


Package biblatex Warning: BibTeX reported the following issues
(biblatex)                with 'Stolaroff2018':
(biblatex)                - Invalid format of field 'month'.


Package biblatex Warning: BibTeX reported the following issues
(biblatex)                with 'Goodchild2018':
(biblatex)                - Invalid format of field 'month'.


Package biblatex Warning: BibTeX reported the following issues
(biblatex)                with 'WHO2018':
(biblatex)                - Can't use 'date' + 'year'.


Package biblatex Warning: BibTeX reported the following issues
(biblatex)                with 'Bouton2017':
(biblatex)                - Can't use 'date' + 'year'.


Package biblatex Warning: BibTeX reported the following issues
(biblatex)                with 'Intech2009':
(biblatex)                - Can't use 'date' + 'year'.


Package biblatex Warning: BibTeX reported the following issues
(biblatex)                with 'Forrest2018':
(biblatex)                - Can't use 'journaltitle' + 'journal'.


Package biblatex Warning: BibTeX reported the following issues
(biblatex)                with 'Susini2015':
(biblatex)                - Can't use 'journaltitle' + 'journal'.


Package biblatex Warning: BibTeX reported the following issues
(biblatex)                with 'eMarketer2016':
(biblatex)                - Can't use 'journaltitle' + 'journal'.


Package biblatex Warning: BibTeX reported the following issues
(biblatex)                with 'Yang2009':
(biblatex)                - Can't use 'date' + 'year'.


Package biblatex Warning: BibTeX reported the following issues
(biblatex)                with 'Ross2013':
(biblatex)                - Invalid format of field 'month'.


Package biblatex Warning: BibTeX reported the following issues
(biblatex)                with 'Verbeke2017':
(biblatex)                - Invalid format of field 'month'.


Package biblatex Warning: BibTeX reported the following issues
(biblatex)                with 'Whalley1991':
(biblatex)                - Can't use 'date' + 'year'.


Package biblatex Warning: BibTeX reported the following issues
(biblatex)                with 'Lawrence1991':
(biblatex)                - Can't use 'date' + 'year'.


Package biblatex Warning: BibTeX reported the following issues
(biblatex)                with 'Mur-Artal2015':
(biblatex)                - Invalid format of field 'month'.


Package biblatex Warning: BibTeX reported the following issues
(biblatex)                with 'Bircher2016':
(biblatex)                - Invalid format of field 'month'.


Package biblatex Warning: BibTeX reported the following issues
(biblatex)                with 'Cieslewski2017':
(biblatex)                - Invalid format of field 'month'.


Package biblatex Warning: BibTeX reported the following issues
(biblatex)                with 'Lin2017':
(biblatex)                - Invalid format of field 'month'.


Package biblatex Warning: BibTeX reported the following issues
(biblatex)                with 'Scaramuzza2014':
(biblatex)                - Invalid format of field 'month'.


Package biblatex Warning: BibTeX reported the following issues
(biblatex)                with 'Sa2018':
(biblatex)                - Invalid format of field 'month'.


Package biblatex Warning: BibTeX reported the following issues
(biblatex)                with 'Loianno2017':
(biblatex)                - Invalid format of field 'month'.


Package biblatex Warning: BibTeX reported the following issues
(biblatex)                with 'Zhu2017':
(biblatex)                - Invalid format of field 'month'.


Package biblatex Warning: BibTeX reported the following issues
(biblatex)                with 'Faessler2018':
(biblatex)                - Invalid format of field 'month'.


Package biblatex Warning: BibTeX reported the following issues
(biblatex)                with 'Shah2017':
(biblatex)                - Invalid format of field 'month'.


Package biblatex Warning: BibTeX reported the following issues
(biblatex)                with 'Loquercio2018':
(biblatex)                - Invalid format of field 'month'.


Package biblatex Warning: BibTeX reported the following issues
(biblatex)                with 'Giusti2016':
(biblatex)                - Invalid format of field 'month'.


Package biblatex Warning: BibTeX reported the following issues
(biblatex)                with 'Smolyanskiy2017':
(biblatex)                - Invalid format of field 'month'.


Package biblatex Warning: BibTeX reported the following issues
(biblatex)                with 'Mueller2013':
(biblatex)                - Invalid format of field 'month'.


Package biblatex Warning: BibTeX reported the following issues
(biblatex)                with 'Faessler2015':
(biblatex)                - Invalid format of field 'month'.


Package biblatex Warning: BibTeX reported the following issues
(biblatex)                with 'Mellinger2011':
(biblatex)                - Invalid format of field 'month'.


Package biblatex Warning: BibTeX reported the following issues
(biblatex)                with 'Ross2018':
(biblatex)                - Invalid format of field 'month'.

)
Package biblatex Info: Reference section=0 on input line 121.
Package biblatex Info: Reference segment=0 on input line 121.
\AtBeginShipoutBox=\box65
Package hyperref Info: Option `colorlinks' set `false' on input line 121.
Package hyperref Info: Link coloring OFF on input line 121.
 (/usr/share/texlive/texmf-dist/tex/latex/hyperref/nameref.sty
Package: nameref 2019/09/16 v2.46 Cross-referencing by name of section
 (/usr/share/texlive/texmf-dist/tex/latex/refcount/refcount.sty
Package: refcount 2019/12/15 v3.6 Data extraction from label references (HO)
) (/usr/share/texlive/texmf-dist/tex/generic/gettitlestring/gettitlestring.sty
Package: gettitlestring 2019/12/15 v1.6 Cleanup title references (HO)
)
\c@section@level=\count445
)
LaTeX Info: Redefining \ref on input line 121.
LaTeX Info: Redefining \pageref on input line 121.
LaTeX Info: Redefining \nameref on input line 121.
 (/home/fm/drone_racing_ws/catkin_ddr/src/forgetful_drones/docs/THU/thesis_proposal/main.out) (/home/fm/drone_racing_ws/catkin_ddr/src/forgetful_drones/docs/THU/thesis_proposal/main.out)
\@outlinefile=\write4
\openout4 = `main.out'.

LaTeX Font Info:    Trying to load font information for OT1+ppl on input line 121.
 (/usr/share/texlive/texmf-dist/tex/latex/psnfss/ot1ppl.fd
File: ot1ppl.fd 2001/06/04 font definitions for OT1/ppl.
)
LaTeX Font Info:    Trying to load font information for OML+zplm on input line 121.
 (/usr/share/texlive/texmf-dist/tex/latex/psnfss/omlzplm.fd
File: omlzplm.fd 2002/09/08 Fontinst v1.914 font definitions for OML/zplm.
)
LaTeX Font Info:    Trying to load font information for OMS+zplm on input line 121.
 (/usr/share/texlive/texmf-dist/tex/latex/psnfss/omszplm.fd
File: omszplm.fd 2002/09/08 Fontinst v1.914 font definitions for OMS/zplm.
)
LaTeX Font Info:    Trying to load font information for OMX+zplm on input line 121.
 (/usr/share/texlive/texmf-dist/tex/latex/psnfss/omxzplm.fd
File: omxzplm.fd 2002/09/08 Fontinst v1.914 font definitions for OMX/zplm.
)
LaTeX Font Info:    Trying to load font information for OT1+zplm on input line 121.
 (/usr/share/texlive/texmf-dist/tex/latex/psnfss/ot1zplm.fd
File: ot1zplm.fd 2002/09/08 Fontinst v1.914 font definitions for OT1/zplm.
)
1: section
(/usr/share/texmf/tex/latex/CJK/UTF8/UTF8.bdg
File: UTF8.bdg 2015/04/18 4.8.4
) (/usr/share/texmf/tex/latex/CJK/UTF8/UTF8.enc
File: UTF8.enc 2015/04/18 4.8.4
) (/usr/share/texmf/tex/latex/CJK/UTF8/UTF8.chr
File: UTF8.chr 2015/04/18 4.8.4
)
LaTeX Font Info:    Trying to load font information for C70+gbsn on input line 142.
 (/usr/share/texmf/tex/latex/CJK/UTF8/c70gbsn.fd
File: c70gbsn.fd 2008/10/03 4.8.1
) (/usr/share/texmf/tex/latex/CJK/UTF8/c70gbsn.fdx
File: c70gbsn.fdx 2012/05/07 4.8.3
)

LaTeX Font Warning: Font shape `C70/gbsn/m/sc' undefined
(Font)              using `C70/gbsn/m/n' instead on input line 142.

(/usr/share/texmf/tex/latex/CJK/UTF8/UTF8.enc
File: UTF8.enc 2015/04/18 4.8.4
) (/usr/share/texmf/tex/latex/CJK/UTF8/UTF8.chr
File: UTF8.chr 2015/04/18 4.8.4
)
<Figures/watermark/Tsinghua_University_Logo.png, id=116, 1204.5pt x 1204.5pt>
File: Figures/watermark/Tsinghua_University_Logo.png Graphic file (type png)
<use Figures/watermark/Tsinghua_University_Logo.png>
Package pdftex.def Info: Figures/watermark/Tsinghua_University_Logo.png  used on input line 180.
(pdftex.def)             Requested size: 481.79147pt x 481.79147pt.
 [1



{/var/lib/texmf/fonts/map/pdftex/updmap/pdftex.map} </home/fm/drone_racing_ws/catkin_ddr/src/forgetful_drones/docs/THU/thesis_proposal/Figures/watermark/Tsinghua_University_Logo.png>] [2

]
--------------------
 Declaration of Authorship
--------------------
LaTeX Font Info:    Trying to load font information for TS1+ppl on input line 191.
(/usr/share/texlive/texmf-dist/tex/latex/psnfss/ts1ppl.fd
File: ts1ppl.fd 2001/06/04 font definitions for TS1/ppl.
)
Underfull \hbox (badness 10000) in paragraph at lines 196--197

 []

1: section
[3] [4

] (/home/fm/drone_racing_ws/catkin_ddr/src/forgetful_drones/docs/THU/thesis_proposal/main.toc)
\tf@toc=\write5
\openout5 = `main.toc'.


1: section
[5

] [6

] (/home/fm/drone_racing_ws/catkin_ddr/src/forgetful_drones/docs/THU/thesis_proposal/main.lof)
\tf@lof=\write6
\openout6 = `main.lof'.


1: section
[7] [8

] (/home/fm/drone_racing_ws/catkin_ddr/src/forgetful_drones/docs/THU/thesis_proposal/main.lot)
\tf@lot=\write7
\openout7 = `main.lot'.


1: section
[9] [10

]
1: section
\openout2 = `Chapters/Chapter1.aux'.

(/home/fm/drone_racing_ws/catkin_ddr/src/forgetful_drones/docs/THU/thesis_proposal/Chapters/Chapter1.tex
Chapter 1.
1: section
[1


]) [2]
\openout2 = `Chapters/Chapter2.aux'.

 (/home/fm/drone_racing_ws/catkin_ddr/src/forgetful_drones/docs/THU/thesis_proposal/Chapters/Chapter2.tex
Chapter 2.
1: section
[3



] [4] [5]
Overfull \hbox (24.89885pt too wide) in paragraph at lines 214--225
\T1/ppl/m/n/10.95 based so-lu-tions are al-ready be-ing of-fered in the agri-cul-tural sec-tor, UAV-based/integrated
 []

[6] [7] [8]
Overfull \hbox (10.34096pt too wide) in paragraph at lines 373--426
[]\T1/ppl/m/n/10.95 While in ru-ral ar-eas, UAV de-liv-ery is al-ready de-ployed in spo-radic pi-o-neer projects,
 []

[9] [10] [11]
<Figures/draw.io/underlying_concept_of_the_OODA_loop_by_Boyd.pdf, id=432, 475.7775pt x 66.2475pt>
File: Figures/draw.io/underlying_concept_of_the_OODA_loop_by_Boyd.pdf Graphic file (type pdf)
<use Figures/draw.io/underlying_concept_of_the_OODA_loop_by_Boyd.pdf>
Package pdftex.def Info: Figures/draw.io/underlying_concept_of_the_OODA_loop_by_Boyd.pdf  used on input line 587.
(pdftex.def)             Requested size: 404.02908pt x 56.26009pt.
 [12]
<Figures/draw.io/hierarchical_control_architecture_for_autonomous_UAV.pdf, id=446, 594.30032pt x 478.66827pt>
File: Figures/draw.io/hierarchical_control_architecture_for_autonomous_UAV.pdf Graphic file (type pdf)
<use Figures/draw.io/hierarchical_control_architecture_for_autonomous_UAV.pdf>
Package pdftex.def Info: Figures/draw.io/hierarchical_control_architecture_for_autonomous_UAV.pdf  used on input line 647.
(pdftex.def)             Requested size: 404.02908pt x 325.42438pt.
 [13 </home/fm/drone_racing_ws/catkin_ddr/src/forgetful_drones/docs/THU/thesis_proposal/Figures/draw.io/underlying_concept_of_the_OODA_loop_by_Boyd.pdf

pdfTeX warning: pdflatex (file /home/fm/drone_racing_ws/catkin_ddr/src/forgetful_drones/docs/THU/thesis_proposal/Figures/draw.io/underlying_concept_of_the_OODA_loop_by_Boyd.pdf): PDF inclusion: invalid other resource which is no dict (key 'ProcSets', type <array>); ignored.
>]
<Figures/draw.io/sub-tasks_of_navigation.pdf, id=476, 483.72719pt x 240.9pt>
File: Figures/draw.io/sub-tasks_of_navigation.pdf Graphic file (type pdf)
<use Figures/draw.io/sub-tasks_of_navigation.pdf>
Package pdftex.def Info: Figures/draw.io/sub-tasks_of_navigation.pdf  used on input line 819.
(pdftex.def)             Requested size: 404.02908pt x 201.21143pt.
 [14 </home/fm/drone_racing_ws/catkin_ddr/src/forgetful_drones/docs/THU/thesis_proposal/Figures/draw.io/hierarchical_control_architecture_for_autonomous_UAV.pdf

pdfTeX warning: pdflatex (file /home/fm/drone_racing_ws/catkin_ddr/src/forgetful_drones/docs/THU/thesis_proposal/Figures/draw.io/hierarchical_control_architecture_for_autonomous_UAV.pdf): PDF inclusion: invalid other resource which is no dict (key 'ProcSets', type <array>); ignored.
>] [15 </home/fm/drone_racing_ws/catkin_ddr/src/forgetful_drones/docs/THU/thesis_proposal/Figures/draw.io/sub-tasks_of_navigation.pdf

pdfTeX warning: pdflatex (file /home/fm/drone_racing_ws/catkin_ddr/src/forgetful_drones/docs/THU/thesis_proposal/Figures/draw.io/sub-tasks_of_navigation.pdf): PDF inclusion: invalid other resource which is no dict (key 'ProcSets', type <array>); ignored.
>] [16] [17] [18] [19]) [20]
\openout2 = `Chapters/Chapter3.aux'.

 (/home/fm/drone_racing_ws/catkin_ddr/src/forgetful_drones/docs/THU/thesis_proposal/Chapters/Chapter3.tex
Chapter 3.

LaTeX Warning: Citation 'Shakeri2019' on page 21 undefined on input line 65.

1: section
[21



] [22]
Overfull \hbox (14.46361pt too wide) in paragraph at lines 169--179
\T1/ppl/m/n/10.95 Kauf-mann et al. [[]72[]]. Sim-i-larly, the sys-tem is sub-di-vided into the per-cep-tion/reasoning,
 []

LaTeX Font Info:    Trying to load font information for U+fplmbb on input line 186.
(/usr/share/texlive/texmf-dist/tex/latex/psnfss/ufplmbb.fd
File: ufplmbb.fd 2003/10/30 Fontinst v1.914 font definitions for U/fplmbb.
) [23] [24] [25]) [26]
\openout2 = `Appendices/AppendixA.aux'.

 (/home/fm/drone_racing_ws/catkin_ddr/src/forgetful_drones/docs/THU/thesis_proposal/Appendices/AppendixA.tex
Appendix A.
<Figures/draw.io/levels_of_automation_in_man-computer_decision_making_for_a_single_elemental_decisive_step.pdf, id=670, 485.89528pt x 704.6325pt>
File: Figures/draw.io/levels_of_automation_in_man-computer_decision_making_for_a_single_elemental_decisive_step.pdf Graphic file (type pdf)
<use Figures/draw.io/levels_of_automation_in_man-computer_decision_making_for_a_single_elemental_decisive_step.pdf>
Package pdftex.def Info: Figures/draw.io/levels_of_automation_in_man-computer_decision_making_for_a_single_elemental_decisive_step.pdf  used on input line 10.
(pdftex.def)             Requested size: 404.02908pt x 585.93077pt.
)
1: section
[27



] [28 </home/fm/drone_racing_ws/catkin_ddr/src/forgetful_drones/docs/THU/thesis_proposal/Figures/draw.io/levels_of_automation_in_man-computer_decision_making_for_a_single_elemental_decisive_step.pdf

pdfTeX warning: pdflatex (file /home/fm/drone_racing_ws/catkin_ddr/src/forgetful_drones/docs/THU/thesis_proposal/Figures/draw.io/levels_of_automation_in_man-computer_decision_making_for_a_single_elemental_decisive_step.pdf): PDF inclusion: invalid other resource which is no dict (key 'ProcSets', type <array>); ignored.
>]
\openout2 = `Appendices/AppendixB.aux'.

 (/home/fm/drone_racing_ws/catkin_ddr/src/forgetful_drones/docs/THU/thesis_proposal/Appendices/AppendixB.tex
Appendix B.
)
1: section
[29



] [30]
\openout2 = `Appendices/AppendixC.aux'.

 (/home/fm/drone_racing_ws/catkin_ddr/src/forgetful_drones/docs/THU/thesis_proposal/Appendices/AppendixC.tex
Appendix C.

Overfull \hbox (66.14735pt too wide) in paragraph at lines 44--67
 [][] 
 []

)
1: section
[31



] [32]
LaTeX Font Info:    Trying to load font information for T1+cmtt on input line 333.
 (/usr/share/texlive/texmf-dist/tex/latex/base/t1cmtt.fd
File: t1cmtt.fd 2019/12/16 v2.5j Standard LaTeX font definitions
)
Overfull \hbox (5.44815pt too wide) in paragraph at lines 333--333
\T1/ppl/m/n/10.95 Ro-manowski, A. Kra-so, F. Or-liski, A. Babicz, P. Lulkowska, E. Bo-guszewska,
 []


Overfull \hbox (28.1279pt too wide) in paragraph at lines 333--333
\T1/ppl/m/n/10.95 Avail-able: []$\T1/cmtt/m/n/10.95 https : / / www . amazon . com / Unmanned -[] Aircraft -[] Systems -[] Development -[]
 []


Overfull \hbox (10.24936pt too wide) in paragraph at lines 333--333
\T1/cmtt/m/n/10.95 Deployment -[] ebook / dp / B005UQLG0C ? SubscriptionId = AKIAIOBINVZYXZQZ2U3A &
 []


Overfull \hbox (27.22447pt too wide) in paragraph at lines 333--333
\T1/cmtt/m/n/10.95 tag = chimbori05 -[] 20 & linkCode = xm2 & camp = 2025 & creative = 165953 & creativeASIN =
 []


Overfull \hbox (1.26817pt too wide) in paragraph at lines 333--333
[]\T1/ppl/m/n/10.95 T. J. Glea-son and P. G. Fahlstrom, ^^P  Re-cov-ery of uavs,^^Q \T1/ppl/m/it/10.95 En-cy-clo-pe-dia of Aerospace
 []

1: section
[33


]
Overfull \hbox (6.10864pt too wide) in paragraph at lines 333--333
\T1/ppl/m/n/10.95 De-part-ment of De-fense, Mar. 2011. [On-line]. Avail-able: []$\T1/cmtt/m/n/10.95 https : / / web . archive .
 []


Overfull \hbox (9.15604pt too wide) in paragraph at lines 333--333
[]\T1/ppl/m/n/10.95 Goldman Sachs Re-search, \T1/ppl/m/it/10.95 Drones - re-port-ing for work\T1/ppl/m/n/10.95 . [On-line]. Avail-able: []$\T1/cmtt/m/n/10.95 https :
 []


Overfull \hbox (9.32486pt too wide) in paragraph at lines 333--333
\T1/cmtt/m/n/10.95 cn / a / 201909 / 04 / WS5d6f1680a310cf3e3556999d . html$[] \T1/ppl/m/n/10.95 (vis-ited on 11/23/2019). 
 []

[34]
Overfull \hbox (4.14261pt too wide) in paragraph at lines 333--333
[]\T1/ppl/m/n/10.95 ^^P  World pop-u-la-tion prospects 2019,^^Q United Na-tions, De-part-ment of Eco-nomic
 []


Overfull \hbox (14.38254pt too wide) in paragraph at lines 333--333
[]\T1/ppl/m/n/10.95 DroneSeed, \T1/ppl/m/it/10.95 Ser-vices\T1/ppl/m/n/10.95 . [On-line]. Avail-able: []$\T1/cmtt/m/n/10.95 https : / / www . droneseed . co / services$[]\T1/ppl/m/n/10.95 . 
 []


Overfull \hbox (7.0659pt too wide) in paragraph at lines 333--333
[]\T1/ppl/m/n/10.95 PrecisionHawk, \T1/ppl/m/it/10.95 Drone data col-lec-tion and an-a-lyt-ics for agri-cul-ture\T1/ppl/m/n/10.95 . [On-line]. Avail-
 []


Overfull \hbox (44.73912pt too wide) in paragraph at lines 333--333
\T1/ppl/m/n/10.95 house-C-oop-ers, Tech. Rep., 2016. [On-line]. Avail-able: []$\T1/cmtt/m/n/10.95 https : / / www . technologyreview .
 []


Overfull \hbox (7.31702pt too wide) in paragraph at lines 333--333
\T1/ppl/m/n/10.95 line]. Avail-able: []$\T1/cmtt/m/n/10.95 https : / / www . mckinsey . com / ~ / media / mckinsey / industries /
 []


Overfull \hbox (9.74936pt too wide) in paragraph at lines 333--333
\T1/cmtt/m/n/10.95 travel % 20transport % 20and % 20logistics / our % 20insights / how % 20customer %
 []

[35]
Overfull \hbox (9.15369pt too wide) in paragraph at lines 333--333
\T1/ppl/m/it/10.95 uct cus-tomers a su-pe-rior de-liv-ery ex-pe-ri-ence with-out im-pact-ing prof-itabil-ity\T1/ppl/m/n/10.95 . Capgem-
 []


Overfull \hbox (64.55194pt too wide) in paragraph at lines 333--333
\T1/ppl/m/n/10.95 Jul. 19, 2017. [On-line]. Avail-able: []$\T1/cmtt/m/n/10.95 https : / / www . deutschlandfunk . de / luftverschmutzung -[]
 []


Overfull \hbox (7.94278pt too wide) in paragraph at lines 333--333
[]\T1/ppl/m/it/10.95 Fast Facts - U.S. Trans-porta-tion Sec-tor Green-house Gas Emis-sions 1990-2017\T1/ppl/m/n/10.95 . United
 []

[36]
Overfull \hbox (3.36205pt too wide) in paragraph at lines 333--333
\T1/ppl/m/n/10.95 ness and En-vi-ron-ment, McK-in-sey&Company, Sep. 2017, p. 14. [On-line]. Avail-
 []


Overfull \hbox (11.89868pt too wide) in paragraph at lines 333--333
\T1/ppl/m/n/10.95 able: []$\T1/cmtt/m/n/10.95 https : / / www . mckinsey . com / ~ / media / mckinsey / business % 20functions /
 []


Overfull \hbox (5.45288pt too wide) in paragraph at lines 333--333
\T1/ppl/m/it/10.95 Risk Mod-els, and Ap-pli-ca-tions\T1/ppl/m/n/10.95 , vol. 7, pp. 27^^U38, 2015. [On-line]. Avail-able: []$\T1/cmtt/m/n/10.95 https :
 []


Overfull \hbox (15.40773pt too wide) in paragraph at lines 333--333
\T1/cmtt/m/n/10.95 / / www . researchgate . net / profile / Alberto _ Susini / publication / 291697791 _
 []


Overfull \hbox (38.04121pt too wide) in paragraph at lines 333--333
\T1/cmtt/m/n/10.95 A _ Technocritical _ Review _ of _ Drones _ Crash _ Risk _ Probabilistic _ Consequences _
 []


Overfull \hbox (18.8169pt too wide) in paragraph at lines 333--333
[]\T1/ppl/m/n/10.95 J. Biggs, ^^P  Re-searchers train drones to use wi-fi to look through walls,^^Q \T1/ppl/m/it/10.95 TechCrunch\T1/ppl/m/n/10.95 ,
 []


Overfull \hbox (13.55351pt too wide) in paragraph at lines 333--333
\T1/ppl/m/n/10.95 2017. [On-line]. Avail-able: []$\T1/cmtt/m/n/10.95 https : / / techcrunch . com / 2017 / 06 / 19 / researchers -[]
 []


Overfull \hbox (5.16649pt too wide) in paragraph at lines 333--333
\T1/cmtt/m/n/10.95 com / outdoors / herrera -[] bladeless -[] drone -[] concept/$[] \T1/ppl/m/n/10.95 (vis-ited on 11/01/2019). 
 []

[37]
Overfull \hbox (22.1416pt too wide) in paragraph at lines 333--333
\T1/cmtt/m/n/10.95 technology / automation -[] autonomy -[] whats -[] difference/$[] \T1/ppl/m/n/10.95 (vis-ited on 10/15/2019). 
 []


Overfull \hbox (5.89784pt too wide) in paragraph at lines 333--333
\T1/ppl/m/n/10.95 sachusetts In-sti-tute of Tech-nol-ogy, Cam-bridge Mas-sachusetts, Tech. Rep., 1978,
 []


Overfull \hbox (9.20148pt too wide) in paragraph at lines 333--333
\T1/ppl/m/n/10.95 au-ton-omy any-way,^^Q Air Force Re-search Lab-o-ra-tory, Wright-Patterson Air Force
 []


Overfull \hbox (8.98715pt too wide) in paragraph at lines 333--333
[]\T1/ppl/m/n/10.95 Oxford Uni-ver-sity Press (OUP), ^^P  Nav-i-ga-tion,^^Q \T1/ppl/m/it/10.95 Lex-ico.com\T1/ppl/m/n/10.95 , 2019. [On-line]. Avail-
 []


Overfull \hbox (3.16963pt too wide) in paragraph at lines 333--333
[]\T1/ppl/m/n/10.95 J. Ver-beke and J. D. Schut-ter, ^^P  Ex-per-i-men-tal ma-neu-ver-abil-ity and agility quan-
 []

[38]
Overfull \hbox (22.79092pt too wide) in paragraph at lines 333--333
\T1/ppl/m/n/10.95 able: []$\T1/cmtt/m/n/10.95 https : / / www . lexico . com / en / definition / agility$[] \T1/ppl/m/n/10.95 (vis-ited on 11/08/2019). 
 []


Overfull \hbox (3.66649pt too wide) in paragraph at lines 333--333
\T1/cmtt/m/n/10.95 apps . dtic . mil / dtic / tr / fulltext / u2 / b160550 . pdf$[] \T1/ppl/m/n/10.95 (vis-ited on 11/07/2019). 
 []


Overfull \hbox (0.21503pt too wide) in paragraph at lines 333--333
[]\T1/ppl/m/n/10.95 E. Kauf-mann, A. Lo-quer-cio, R. Ran-ftl, A. Doso-vit-skiy, V. Koltun, and D. Scara-
 []


Overfull \hbox (13.45108pt too wide) in paragraph at lines 333--333
\T1/ppl/m/n/10.95 multi-rotors: A fron-tier se-lec-tion method for high speed flight,^^Q in \T1/ppl/m/it/10.95 2017 IEEE/RSJ
 []

[39] [40]
Overfull \hbox (25.84387pt too wide) in paragraph at lines 333--333
[]\T1/ppl/m/n/10.95 M. Faessler, F. Fontana, C. Forster, and D. Scara-muzza, ^^P  Au-to-matic re-initialization
 []


Overfull \hbox (14.40967pt too wide) in paragraph at lines 333--333
\T1/ppl/m/n/10.95 and fail-ure re-cov-ery for ag-gres-sive flight with a monoc-u-lar vision-based quadro-
 []

[41]
Package atveryend Info: Empty hook `BeforeClearDocument' on input line 337.
 [42]
Package atveryend Info: Empty hook `AfterLastShipout' on input line 337.
 (/home/fm/drone_racing_ws/catkin_ddr/src/forgetful_drones/docs/THU/thesis_proposal/main.aux (/home/fm/drone_racing_ws/catkin_ddr/src/forgetful_drones/docs/THU/thesis_proposal/Chapters/Chapter1.aux) (/home/fm/drone_racing_ws/catkin_ddr/src/forgetful_drones/docs/THU/thesis_proposal/Chapters/Chapter2.aux) (/home/fm/drone_racing_ws/catkin_ddr/src/forgetful_drones/docs/THU/thesis_proposal/Chapters/Chapter3.aux) (/home/fm/drone_racing_ws/catkin_ddr/src/forgetful_drones/docs/THU/thesis_proposal/Appendices/AppendixA.aux) (/home/fm/drone_racing_ws/catkin_ddr/src/forgetful_drones/docs/THU/thesis_proposal/Appendices/AppendixB.aux) (/home/fm/drone_racing_ws/catkin_ddr/src/forgetful_drones/docs/THU/thesis_proposal/Appendices/AppendixC.aux))
Package atveryend Info: Executing hook `AtVeryEndDocument' on input line 337.
Package atveryend Info: Executing hook `AtEndAfterFileList' on input line 337.
Package rerunfilecheck Info: File `main.out' has not changed.
(rerunfilecheck)             Checksum: 90A983F2A30BD7A23A906652BECA2EB5;4646.


LaTeX Font Warning: Some font shapes were not available, defaults substituted.


LaTeX Warning: There were undefined references.


Package biblatex Warning: Please (re)run BibTeX on the file(s):
(biblatex)                main
(biblatex)                and rerun LaTeX afterwards.

Package logreq Info: Writing requests to 'main.run.xml'.
\openout1 = `main.run.xml'.

 ) 
Here is how much of TeX's memory you used:
 30274 strings out of 482543
 615873 string characters out of 5951368
 1243252 words of memory out of 5000000
 44702 multiletter control sequences out of 15000+600000
 589780 words of font info for 126 fonts, out of 8000000 for 9000
 309 hyphenation exceptions out of 8191
 62i,20n,86p,934b,3055s stack positions out of 5000i,500n,10000p,200000b,80000s
 </home/fm/.texlive2019/texmf-var/fonts/pk/ljfour/jknappen/ec/ectt1095.600pk>{/usr/share/texlive/texmf-dist/fonts/enc/dvips/base/8r.enc}</usr/share/texlive/texmf-dist/fonts/type1/public/amsfonts/cm/cmex10.pfb></usr/share/texlive/texmf-dist/fonts/type1/public/amsfonts/cm/cmmi10.pfb></usr/share/texlive/texmf-dist/fonts/type1/public/amsfonts/cm/cmr10.pfb></usr/share/texlive/texmf-dist/fonts/type1/public/amsfonts/cm/cmsy10.pfb></usr/share/texlive/texmf-dist/fonts/type1/public/mathpazo/fplmbb.pfb></usr/share/texlive/texmf-dist/fonts/type1/public/mathpazo/fplmr.pfb></usr/share/texmf/fonts/type1/arphic/gbsnu/gbsnu53.pfb></usr/share/texmf/fonts/type1/arphic/gbsnu/gbsnu59.pfb></usr/share/texmf/fonts/type1/arphic/gbsnu/gbsnu5b.pfb></usr/share/texmf/fonts/type1/arphic/gbsnu/gbsnu69.pfb></usr/share/texmf/fonts/type1/arphic/gbsnu/gbsnu6e.pfb></usr/share/texmf/fonts/type1/arphic/gbsnu/gbsnu80.pfb></usr/share/texmf/fonts/type1/arphic/gbsnu/gbsnu96.pfb></usr/share/texlive/texmf-dist/fonts/type1/urw/palatino/uplb8a.pfb></usr/share/texlive/texmf-dist/fonts/type1/urw/palatino/uplr8a.pfb></usr/share/texlive/texmf-dist/fonts/type1/urw/palatino/uplr8a.pfb></usr/share/texlive/texmf-dist/fonts/type1/urw/palatino/uplri8a.pfb>
Output written on /home/fm/drone_racing_ws/catkin_ddr/src/forgetful_drones/docs/THU/thesis_proposal/main.pdf (52 pages, 881409 bytes).
PDF statistics:
 1204 PDF objects out of 1440 (max. 8388607)
 997 compressed objects within 10 object streams
 217 named destinations out of 1000 (max. 500000)
 254 words of extra memory for PDF output out of 10000 (max. 10000000)

